<?xml version="1.0" encoding="UTF-8"?>

<BugCollection version="3.1.0" sequence="0" timestamp="1511125383000" analysisTimestamp="1511125402200" release="">
  <Project projectName="">
    <Jar>tmp/test-data-generator</Jar>
  </Project>
  <BugInstance type="JMH_BENCHMARK_METHOD_FOUND" priority="2" rank="2" abbrev="" category="JMH">
    <Class classname="com.presidentio.testdatagenerator.benchmark.ConstBenchmark">
      <SourceLine classname="com.presidentio.testdatagenerator.benchmark.ConstBenchmark" start="23" end="43" sourcefile="ConstBenchmark.java" sourcepath="com/presidentio/testdatagenerator/benchmark/ConstBenchmark.java"/>
    </Class>
    <Method classname="com.presidentio.testdatagenerator.benchmark.ConstBenchmark" name="measureExpression" signature="()V" isStatic="false">
      <SourceLine classname="com.presidentio.testdatagenerator.benchmark.ConstBenchmark" start="42" end="43" startBytecode="0" endBytecode="64" sourcefile="ConstBenchmark.java" sourcepath="com/presidentio/testdatagenerator/benchmark/ConstBenchmark.java"/>
    </Method>
    <SourceLine classname="com.presidentio.testdatagenerator.benchmark.ConstBenchmark" start="42" end="42" startBytecode="0" endBytecode="0" sourcefile="ConstBenchmark.java" sourcepath="com/presidentio/testdatagenerator/benchmark/ConstBenchmark.java"/>
  </BugInstance>
  <BugInstance type="JMH_IGNORED_METHOD_RETURN" priority="2" rank="2" abbrev="" category="JMH">
    <Class classname="com.presidentio.testdatagenerator.benchmark.ConstBenchmark">
      <SourceLine classname="com.presidentio.testdatagenerator.benchmark.ConstBenchmark" start="23" end="43" sourcefile="ConstBenchmark.java" sourcepath="com/presidentio/testdatagenerator/benchmark/ConstBenchmark.java"/>
    </Class>
    <Method classname="com.presidentio.testdatagenerator.benchmark.ConstBenchmark" name="measureExpression" signature="()V" isStatic="false">
      <SourceLine classname="com.presidentio.testdatagenerator.benchmark.ConstBenchmark" start="42" end="43" startBytecode="0" endBytecode="64" sourcefile="ConstBenchmark.java" sourcepath="com/presidentio/testdatagenerator/benchmark/ConstBenchmark.java"/>
    </Method>
    <SourceLine classname="com.presidentio.testdatagenerator.benchmark.ConstBenchmark" start="42" end="42" startBytecode="12" endBytecode="12" sourcefile="ConstBenchmark.java" sourcepath="com/presidentio/testdatagenerator/benchmark/ConstBenchmark.java"/>
  </BugInstance>
  <BugInstance type="JMH_BENCHMARK_METHOD_FOUND" priority="2" rank="2" abbrev="" category="JMH">
    <Class classname="com.presidentio.testdatagenerator.benchmark.CounterBenchmark">
      <SourceLine classname="com.presidentio.testdatagenerator.benchmark.CounterBenchmark" start="23" end="44" sourcefile="CounterBenchmark.java" sourcepath="com/presidentio/testdatagenerator/benchmark/CounterBenchmark.java"/>
    </Class>
    <Method classname="com.presidentio.testdatagenerator.benchmark.CounterBenchmark" name="measureExpression" signature="()V" isStatic="false">
      <SourceLine classname="com.presidentio.testdatagenerator.benchmark.CounterBenchmark" start="43" end="44" startBytecode="0" endBytecode="64" sourcefile="CounterBenchmark.java" sourcepath="com/presidentio/testdatagenerator/benchmark/CounterBenchmark.java"/>
    </Method>
    <SourceLine classname="com.presidentio.testdatagenerator.benchmark.CounterBenchmark" start="43" end="43" startBytecode="0" endBytecode="0" sourcefile="CounterBenchmark.java" sourcepath="com/presidentio/testdatagenerator/benchmark/CounterBenchmark.java"/>
  </BugInstance>
  <BugInstance type="JMH_IGNORED_METHOD_RETURN" priority="2" rank="2" abbrev="" category="JMH">
    <Class classname="com.presidentio.testdatagenerator.benchmark.CounterBenchmark">
      <SourceLine classname="com.presidentio.testdatagenerator.benchmark.CounterBenchmark" start="23" end="44" sourcefile="CounterBenchmark.java" sourcepath="com/presidentio/testdatagenerator/benchmark/CounterBenchmark.java"/>
    </Class>
    <Method classname="com.presidentio.testdatagenerator.benchmark.CounterBenchmark" name="measureExpression" signature="()V" isStatic="false">
      <SourceLine classname="com.presidentio.testdatagenerator.benchmark.CounterBenchmark" start="43" end="44" startBytecode="0" endBytecode="64" sourcefile="CounterBenchmark.java" sourcepath="com/presidentio/testdatagenerator/benchmark/CounterBenchmark.java"/>
    </Method>
    <SourceLine classname="com.presidentio.testdatagenerator.benchmark.CounterBenchmark" start="43" end="43" startBytecode="12" endBytecode="12" sourcefile="CounterBenchmark.java" sourcepath="com/presidentio/testdatagenerator/benchmark/CounterBenchmark.java"/>
  </BugInstance>
  <BugInstance type="JMH_BENCHMARK_METHOD_FOUND" priority="2" rank="2" abbrev="" category="JMH">
    <Class classname="com.presidentio.testdatagenerator.benchmark.EsFileBenchmark">
      <SourceLine classname="com.presidentio.testdatagenerator.benchmark.EsFileBenchmark" start="13" end="26" sourcefile="EsFileBenchmark.java" sourcepath="com/presidentio/testdatagenerator/benchmark/EsFileBenchmark.java"/>
    </Class>
    <Method classname="com.presidentio.testdatagenerator.benchmark.EsFileBenchmark" name="measureEsDirect" signature="()V" isStatic="false">
      <SourceLine classname="com.presidentio.testdatagenerator.benchmark.EsFileBenchmark" start="19" end="26" startBytecode="0" endBytecode="202" sourcefile="EsFileBenchmark.java" sourcepath="com/presidentio/testdatagenerator/benchmark/EsFileBenchmark.java"/>
    </Method>
    <SourceLine classname="com.presidentio.testdatagenerator.benchmark.EsFileBenchmark" start="19" end="19" startBytecode="0" endBytecode="0" sourcefile="EsFileBenchmark.java" sourcepath="com/presidentio/testdatagenerator/benchmark/EsFileBenchmark.java"/>
  </BugInstance>
  <BugInstance type="JMH_IGNORED_METHOD_RETURN" priority="2" rank="2" abbrev="" category="JMH">
    <Class classname="com.presidentio.testdatagenerator.benchmark.EsFileBenchmark">
      <SourceLine classname="com.presidentio.testdatagenerator.benchmark.EsFileBenchmark" start="13" end="26" sourcefile="EsFileBenchmark.java" sourcepath="com/presidentio/testdatagenerator/benchmark/EsFileBenchmark.java"/>
    </Class>
    <Method classname="com.presidentio.testdatagenerator.benchmark.EsFileBenchmark" name="measureEsDirect" signature="()V" isStatic="false">
      <SourceLine classname="com.presidentio.testdatagenerator.benchmark.EsFileBenchmark" start="19" end="26" startBytecode="0" endBytecode="202" sourcefile="EsFileBenchmark.java" sourcepath="com/presidentio/testdatagenerator/benchmark/EsFileBenchmark.java"/>
    </Method>
    <SourceLine classname="com.presidentio.testdatagenerator.benchmark.EsFileBenchmark" start="21" end="21" startBytecode="47" endBytecode="47" sourcefile="EsFileBenchmark.java" sourcepath="com/presidentio/testdatagenerator/benchmark/EsFileBenchmark.java"/>
  </BugInstance>
  <BugInstance type="JMH_LOOP_INSIDE_BENCHMARK" priority="2" rank="2" abbrev="" category="JMH">
    <Class classname="com.presidentio.testdatagenerator.benchmark.EsFileBenchmark">
      <SourceLine classname="com.presidentio.testdatagenerator.benchmark.EsFileBenchmark" start="13" end="26" sourcefile="EsFileBenchmark.java" sourcepath="com/presidentio/testdatagenerator/benchmark/EsFileBenchmark.java"/>
    </Class>
    <Method classname="com.presidentio.testdatagenerator.benchmark.EsFileBenchmark" name="measureEsDirect" signature="()V" isStatic="false">
      <SourceLine classname="com.presidentio.testdatagenerator.benchmark.EsFileBenchmark" start="19" end="26" startBytecode="0" endBytecode="202" sourcefile="EsFileBenchmark.java" sourcepath="com/presidentio/testdatagenerator/benchmark/EsFileBenchmark.java"/>
    </Method>
    <SourceLine classname="com.presidentio.testdatagenerator.benchmark.EsFileBenchmark" start="22" end="22" startBytecode="51" endBytecode="51" sourcefile="EsFileBenchmark.java" sourcepath="com/presidentio/testdatagenerator/benchmark/EsFileBenchmark.java"/>
  </BugInstance>
  <BugInstance type="JMH_BENCHMARK_METHOD_FOUND" priority="2" rank="2" abbrev="" category="JMH">
    <Class classname="com.presidentio.testdatagenerator.benchmark.ExpressionBenchmark">
      <SourceLine classname="com.presidentio.testdatagenerator.benchmark.ExpressionBenchmark" start="23" end="46" sourcefile="ExpressionBenchmark.java" sourcepath="com/presidentio/testdatagenerator/benchmark/ExpressionBenchmark.java"/>
    </Class>
    <Method classname="com.presidentio.testdatagenerator.benchmark.ExpressionBenchmark" name="measureExpression" signature="()V" isStatic="false">
      <SourceLine classname="com.presidentio.testdatagenerator.benchmark.ExpressionBenchmark" start="45" end="46" startBytecode="0" endBytecode="64" sourcefile="ExpressionBenchmark.java" sourcepath="com/presidentio/testdatagenerator/benchmark/ExpressionBenchmark.java"/>
    </Method>
    <SourceLine classname="com.presidentio.testdatagenerator.benchmark.ExpressionBenchmark" start="45" end="45" startBytecode="0" endBytecode="0" sourcefile="ExpressionBenchmark.java" sourcepath="com/presidentio/testdatagenerator/benchmark/ExpressionBenchmark.java"/>
  </BugInstance>
  <BugInstance type="JMH_IGNORED_METHOD_RETURN" priority="2" rank="2" abbrev="" category="JMH">
    <Class classname="com.presidentio.testdatagenerator.benchmark.ExpressionBenchmark">
      <SourceLine classname="com.presidentio.testdatagenerator.benchmark.ExpressionBenchmark" start="23" end="46" sourcefile="ExpressionBenchmark.java" sourcepath="com/presidentio/testdatagenerator/benchmark/ExpressionBenchmark.java"/>
    </Class>
    <Method classname="com.presidentio.testdatagenerator.benchmark.ExpressionBenchmark" name="measureExpression" signature="()V" isStatic="false">
      <SourceLine classname="com.presidentio.testdatagenerator.benchmark.ExpressionBenchmark" start="45" end="46" startBytecode="0" endBytecode="64" sourcefile="ExpressionBenchmark.java" sourcepath="com/presidentio/testdatagenerator/benchmark/ExpressionBenchmark.java"/>
    </Method>
    <SourceLine classname="com.presidentio.testdatagenerator.benchmark.ExpressionBenchmark" start="45" end="45" startBytecode="12" endBytecode="12" sourcefile="ExpressionBenchmark.java" sourcepath="com/presidentio/testdatagenerator/benchmark/ExpressionBenchmark.java"/>
  </BugInstance>
  <BugInstance type="JMH_BENCHMARK_METHOD_FOUND" priority="2" rank="2" abbrev="" category="JMH">
    <Class classname="com.presidentio.testdatagenerator.benchmark.ExpressionProxyBenchmark">
      <SourceLine classname="com.presidentio.testdatagenerator.benchmark.ExpressionProxyBenchmark" start="24" end="83" sourcefile="ExpressionProxyBenchmark.java" sourcepath="com/presidentio/testdatagenerator/benchmark/ExpressionProxyBenchmark.java"/>
    </Class>
    <Method classname="com.presidentio.testdatagenerator.benchmark.ExpressionProxyBenchmark" name="measureCounter" signature="()V" isStatic="false">
      <SourceLine classname="com.presidentio.testdatagenerator.benchmark.ExpressionProxyBenchmark" start="77" end="78" startBytecode="0" endBytecode="64" sourcefile="ExpressionProxyBenchmark.java" sourcepath="com/presidentio/testdatagenerator/benchmark/ExpressionProxyBenchmark.java"/>
    </Method>
    <SourceLine classname="com.presidentio.testdatagenerator.benchmark.ExpressionProxyBenchmark" start="77" end="77" startBytecode="0" endBytecode="0" sourcefile="ExpressionProxyBenchmark.java" sourcepath="com/presidentio/testdatagenerator/benchmark/ExpressionProxyBenchmark.java"/>
  </BugInstance>
  <BugInstance type="JMH_BENCHMARK_METHOD_FOUND" priority="2" rank="2" abbrev="" category="JMH">
    <Class classname="com.presidentio.testdatagenerator.benchmark.ExpressionProxyBenchmark">
      <SourceLine classname="com.presidentio.testdatagenerator.benchmark.ExpressionProxyBenchmark" start="24" end="83" sourcefile="ExpressionProxyBenchmark.java" sourcepath="com/presidentio/testdatagenerator/benchmark/ExpressionProxyBenchmark.java"/>
    </Class>
    <Method classname="com.presidentio.testdatagenerator.benchmark.ExpressionProxyBenchmark" name="measureExpression" signature="()V" isStatic="false">
      <SourceLine classname="com.presidentio.testdatagenerator.benchmark.ExpressionProxyBenchmark" start="72" end="73" startBytecode="0" endBytecode="64" sourcefile="ExpressionProxyBenchmark.java" sourcepath="com/presidentio/testdatagenerator/benchmark/ExpressionProxyBenchmark.java"/>
    </Method>
    <SourceLine classname="com.presidentio.testdatagenerator.benchmark.ExpressionProxyBenchmark" start="72" end="72" startBytecode="0" endBytecode="0" sourcefile="ExpressionProxyBenchmark.java" sourcepath="com/presidentio/testdatagenerator/benchmark/ExpressionProxyBenchmark.java"/>
  </BugInstance>
  <BugInstance type="JMH_BENCHMARK_METHOD_FOUND" priority="2" rank="2" abbrev="" category="JMH">
    <Class classname="com.presidentio.testdatagenerator.benchmark.ExpressionProxyBenchmark">
      <SourceLine classname="com.presidentio.testdatagenerator.benchmark.ExpressionProxyBenchmark" start="24" end="83" sourcefile="ExpressionProxyBenchmark.java" sourcepath="com/presidentio/testdatagenerator/benchmark/ExpressionProxyBenchmark.java"/>
    </Class>
    <Method classname="com.presidentio.testdatagenerator.benchmark.ExpressionProxyBenchmark" name="measureParent" signature="()V" isStatic="false">
      <SourceLine classname="com.presidentio.testdatagenerator.benchmark.ExpressionProxyBenchmark" start="82" end="83" startBytecode="0" endBytecode="64" sourcefile="ExpressionProxyBenchmark.java" sourcepath="com/presidentio/testdatagenerator/benchmark/ExpressionProxyBenchmark.java"/>
    </Method>
    <SourceLine classname="com.presidentio.testdatagenerator.benchmark.ExpressionProxyBenchmark" start="82" end="82" startBytecode="0" endBytecode="0" sourcefile="ExpressionProxyBenchmark.java" sourcepath="com/presidentio/testdatagenerator/benchmark/ExpressionProxyBenchmark.java"/>
  </BugInstance>
  <BugInstance type="JMH_IGNORED_METHOD_RETURN" priority="2" rank="2" abbrev="" category="JMH">
    <Class classname="com.presidentio.testdatagenerator.benchmark.ExpressionProxyBenchmark">
      <SourceLine classname="com.presidentio.testdatagenerator.benchmark.ExpressionProxyBenchmark" start="24" end="83" sourcefile="ExpressionProxyBenchmark.java" sourcepath="com/presidentio/testdatagenerator/benchmark/ExpressionProxyBenchmark.java"/>
    </Class>
    <Method classname="com.presidentio.testdatagenerator.benchmark.ExpressionProxyBenchmark" name="measureCounter" signature="()V" isStatic="false">
      <SourceLine classname="com.presidentio.testdatagenerator.benchmark.ExpressionProxyBenchmark" start="77" end="78" startBytecode="0" endBytecode="64" sourcefile="ExpressionProxyBenchmark.java" sourcepath="com/presidentio/testdatagenerator/benchmark/ExpressionProxyBenchmark.java"/>
    </Method>
    <SourceLine classname="com.presidentio.testdatagenerator.benchmark.ExpressionProxyBenchmark" start="77" end="77" startBytecode="12" endBytecode="12" sourcefile="ExpressionProxyBenchmark.java" sourcepath="com/presidentio/testdatagenerator/benchmark/ExpressionProxyBenchmark.java"/>
  </BugInstance>
  <BugInstance type="JMH_IGNORED_METHOD_RETURN" priority="2" rank="2" abbrev="" category="JMH">
    <Class classname="com.presidentio.testdatagenerator.benchmark.ExpressionProxyBenchmark">
      <SourceLine classname="com.presidentio.testdatagenerator.benchmark.ExpressionProxyBenchmark" start="24" end="83" sourcefile="ExpressionProxyBenchmark.java" sourcepath="com/presidentio/testdatagenerator/benchmark/ExpressionProxyBenchmark.java"/>
    </Class>
    <Method classname="com.presidentio.testdatagenerator.benchmark.ExpressionProxyBenchmark" name="measureExpression" signature="()V" isStatic="false">
      <SourceLine classname="com.presidentio.testdatagenerator.benchmark.ExpressionProxyBenchmark" start="72" end="73" startBytecode="0" endBytecode="64" sourcefile="ExpressionProxyBenchmark.java" sourcepath="com/presidentio/testdatagenerator/benchmark/ExpressionProxyBenchmark.java"/>
    </Method>
    <SourceLine classname="com.presidentio.testdatagenerator.benchmark.ExpressionProxyBenchmark" start="72" end="72" startBytecode="12" endBytecode="12" sourcefile="ExpressionProxyBenchmark.java" sourcepath="com/presidentio/testdatagenerator/benchmark/ExpressionProxyBenchmark.java"/>
  </BugInstance>
  <BugInstance type="JMH_IGNORED_METHOD_RETURN" priority="2" rank="2" abbrev="" category="JMH">
    <Class classname="com.presidentio.testdatagenerator.benchmark.ExpressionProxyBenchmark">
      <SourceLine classname="com.presidentio.testdatagenerator.benchmark.ExpressionProxyBenchmark" start="24" end="83" sourcefile="ExpressionProxyBenchmark.java" sourcepath="com/presidentio/testdatagenerator/benchmark/ExpressionProxyBenchmark.java"/>
    </Class>
    <Method classname="com.presidentio.testdatagenerator.benchmark.ExpressionProxyBenchmark" name="measureParent" signature="()V" isStatic="false">
      <SourceLine classname="com.presidentio.testdatagenerator.benchmark.ExpressionProxyBenchmark" start="82" end="83" startBytecode="0" endBytecode="64" sourcefile="ExpressionProxyBenchmark.java" sourcepath="com/presidentio/testdatagenerator/benchmark/ExpressionProxyBenchmark.java"/>
    </Method>
    <SourceLine classname="com.presidentio.testdatagenerator.benchmark.ExpressionProxyBenchmark" start="82" end="82" startBytecode="12" endBytecode="12" sourcefile="ExpressionProxyBenchmark.java" sourcepath="com/presidentio/testdatagenerator/benchmark/ExpressionProxyBenchmark.java"/>
  </BugInstance>
  <BugInstance type="JMH_BENCHMARK_METHOD_FOUND" priority="2" rank="2" abbrev="" category="JMH">
    <Class classname="com.presidentio.testdatagenerator.benchmark.ParentBenchmark">
      <SourceLine classname="com.presidentio.testdatagenerator.benchmark.ParentBenchmark" start="24" end="44" sourcefile="ParentBenchmark.java" sourcepath="com/presidentio/testdatagenerator/benchmark/ParentBenchmark.java"/>
    </Class>
    <Method classname="com.presidentio.testdatagenerator.benchmark.ParentBenchmark" name="measureExpression" signature="()V" isStatic="false">
      <SourceLine classname="com.presidentio.testdatagenerator.benchmark.ParentBenchmark" start="43" end="44" startBytecode="0" endBytecode="64" sourcefile="ParentBenchmark.java" sourcepath="com/presidentio/testdatagenerator/benchmark/ParentBenchmark.java"/>
    </Method>
    <SourceLine classname="com.presidentio.testdatagenerator.benchmark.ParentBenchmark" start="43" end="43" startBytecode="0" endBytecode="0" sourcefile="ParentBenchmark.java" sourcepath="com/presidentio/testdatagenerator/benchmark/ParentBenchmark.java"/>
  </BugInstance>
  <BugInstance type="JMH_IGNORED_METHOD_RETURN" priority="2" rank="2" abbrev="" category="JMH">
    <Class classname="com.presidentio.testdatagenerator.benchmark.ParentBenchmark">
      <SourceLine classname="com.presidentio.testdatagenerator.benchmark.ParentBenchmark" start="24" end="44" sourcefile="ParentBenchmark.java" sourcepath="com/presidentio/testdatagenerator/benchmark/ParentBenchmark.java"/>
    </Class>
    <Method classname="com.presidentio.testdatagenerator.benchmark.ParentBenchmark" name="measureExpression" signature="()V" isStatic="false">
      <SourceLine classname="com.presidentio.testdatagenerator.benchmark.ParentBenchmark" start="43" end="44" startBytecode="0" endBytecode="64" sourcefile="ParentBenchmark.java" sourcepath="com/presidentio/testdatagenerator/benchmark/ParentBenchmark.java"/>
    </Method>
    <SourceLine classname="com.presidentio.testdatagenerator.benchmark.ParentBenchmark" start="43" end="43" startBytecode="12" endBytecode="12" sourcefile="ParentBenchmark.java" sourcepath="com/presidentio/testdatagenerator/benchmark/ParentBenchmark.java"/>
  </BugInstance>
  <BugInstance type="JMH_BENCHMARK_METHOD_FOUND" priority="2" rank="2" abbrev="" category="JMH">
    <Class classname="com.presidentio.testdatagenerator.benchmark.RandomBenchmark">
      <SourceLine classname="com.presidentio.testdatagenerator.benchmark.RandomBenchmark" start="21" end="38" sourcefile="RandomBenchmark.java" sourcepath="com/presidentio/testdatagenerator/benchmark/RandomBenchmark.java"/>
    </Class>
    <Method classname="com.presidentio.testdatagenerator.benchmark.RandomBenchmark" name="measureExpression" signature="()V" isStatic="false">
      <SourceLine classname="com.presidentio.testdatagenerator.benchmark.RandomBenchmark" start="37" end="38" startBytecode="0" endBytecode="64" sourcefile="RandomBenchmark.java" sourcepath="com/presidentio/testdatagenerator/benchmark/RandomBenchmark.java"/>
    </Method>
    <SourceLine classname="com.presidentio.testdatagenerator.benchmark.RandomBenchmark" start="37" end="37" startBytecode="0" endBytecode="0" sourcefile="RandomBenchmark.java" sourcepath="com/presidentio/testdatagenerator/benchmark/RandomBenchmark.java"/>
  </BugInstance>
  <BugInstance type="JMH_IGNORED_METHOD_RETURN" priority="2" rank="2" abbrev="" category="JMH">
    <Class classname="com.presidentio.testdatagenerator.benchmark.RandomBenchmark">
      <SourceLine classname="com.presidentio.testdatagenerator.benchmark.RandomBenchmark" start="21" end="38" sourcefile="RandomBenchmark.java" sourcepath="com/presidentio/testdatagenerator/benchmark/RandomBenchmark.java"/>
    </Class>
    <Method classname="com.presidentio.testdatagenerator.benchmark.RandomBenchmark" name="measureExpression" signature="()V" isStatic="false">
      <SourceLine classname="com.presidentio.testdatagenerator.benchmark.RandomBenchmark" start="37" end="38" startBytecode="0" endBytecode="64" sourcefile="RandomBenchmark.java" sourcepath="com/presidentio/testdatagenerator/benchmark/RandomBenchmark.java"/>
    </Method>
    <SourceLine classname="com.presidentio.testdatagenerator.benchmark.RandomBenchmark" start="37" end="37" startBytecode="12" endBytecode="12" sourcefile="RandomBenchmark.java" sourcepath="com/presidentio/testdatagenerator/benchmark/RandomBenchmark.java"/>
  </BugInstance>
  <BugInstance type="JMH_STATE_FINAL_FIELD" priority="2" rank="2" abbrev="" category="JMH">
    <Class classname="com.presidentio.testdatagenerator.benchmark.generated.ConstBenchmark_jmh_B2">
      <SourceLine classname="com.presidentio.testdatagenerator.benchmark.generated.ConstBenchmark_jmh_B2" start="3" end="17" sourcefile="ConstBenchmark_jmh_B2.java" sourcepath="com/presidentio/testdatagenerator/benchmark/generated/ConstBenchmark_jmh_B2.java"/>
    </Class>
    <Field classname="com.presidentio.testdatagenerator.benchmark.generated.ConstBenchmark_jmh_B2" name="setupInvocationMutexUpdater" signature="Ljava/util/concurrent/atomic/AtomicIntegerFieldUpdater;" isStatic="true">
      <SourceLine classname="com.presidentio.testdatagenerator.benchmark.generated.ConstBenchmark_jmh_B2" sourcefile="ConstBenchmark_jmh_B2.java" sourcepath="com/presidentio/testdatagenerator/benchmark/generated/ConstBenchmark_jmh_B2.java"/>
    </Field>
  </BugInstance>
  <BugInstance type="JMH_STATE_FINAL_FIELD" priority="2" rank="2" abbrev="" category="JMH">
    <Class classname="com.presidentio.testdatagenerator.benchmark.generated.ConstBenchmark_jmh_B2">
      <SourceLine classname="com.presidentio.testdatagenerator.benchmark.generated.ConstBenchmark_jmh_B2" start="3" end="17" sourcefile="ConstBenchmark_jmh_B2.java" sourcepath="com/presidentio/testdatagenerator/benchmark/generated/ConstBenchmark_jmh_B2.java"/>
    </Class>
    <Field classname="com.presidentio.testdatagenerator.benchmark.generated.ConstBenchmark_jmh_B2" name="setupIterationMutexUpdater" signature="Ljava/util/concurrent/atomic/AtomicIntegerFieldUpdater;" isStatic="true">
      <SourceLine classname="com.presidentio.testdatagenerator.benchmark.generated.ConstBenchmark_jmh_B2" sourcefile="ConstBenchmark_jmh_B2.java" sourcepath="com/presidentio/testdatagenerator/benchmark/generated/ConstBenchmark_jmh_B2.java"/>
    </Field>
  </BugInstance>
  <BugInstance type="JMH_STATE_FINAL_FIELD" priority="2" rank="2" abbrev="" category="JMH">
    <Class classname="com.presidentio.testdatagenerator.benchmark.generated.ConstBenchmark_jmh_B2">
      <SourceLine classname="com.presidentio.testdatagenerator.benchmark.generated.ConstBenchmark_jmh_B2" start="3" end="17" sourcefile="ConstBenchmark_jmh_B2.java" sourcepath="com/presidentio/testdatagenerator/benchmark/generated/ConstBenchmark_jmh_B2.java"/>
    </Class>
    <Field classname="com.presidentio.testdatagenerator.benchmark.generated.ConstBenchmark_jmh_B2" name="setupTrialMutexUpdater" signature="Ljava/util/concurrent/atomic/AtomicIntegerFieldUpdater;" isStatic="true">
      <SourceLine classname="com.presidentio.testdatagenerator.benchmark.generated.ConstBenchmark_jmh_B2" sourcefile="ConstBenchmark_jmh_B2.java" sourcepath="com/presidentio/testdatagenerator/benchmark/generated/ConstBenchmark_jmh_B2.java"/>
    </Field>
  </BugInstance>
  <BugInstance type="JMH_STATE_FINAL_FIELD" priority="2" rank="2" abbrev="" category="JMH">
    <Class classname="com.presidentio.testdatagenerator.benchmark.generated.ConstBenchmark_jmh_B2">
      <SourceLine classname="com.presidentio.testdatagenerator.benchmark.generated.ConstBenchmark_jmh_B2" start="3" end="17" sourcefile="ConstBenchmark_jmh_B2.java" sourcepath="com/presidentio/testdatagenerator/benchmark/generated/ConstBenchmark_jmh_B2.java"/>
    </Class>
    <Field classname="com.presidentio.testdatagenerator.benchmark.generated.ConstBenchmark_jmh_B2" name="tearInvocationMutexUpdater" signature="Ljava/util/concurrent/atomic/AtomicIntegerFieldUpdater;" isStatic="true">
      <SourceLine classname="com.presidentio.testdatagenerator.benchmark.generated.ConstBenchmark_jmh_B2" sourcefile="ConstBenchmark_jmh_B2.java" sourcepath="com/presidentio/testdatagenerator/benchmark/generated/ConstBenchmark_jmh_B2.java"/>
    </Field>
  </BugInstance>
  <BugInstance type="JMH_STATE_FINAL_FIELD" priority="2" rank="2" abbrev="" category="JMH">
    <Class classname="com.presidentio.testdatagenerator.benchmark.generated.ConstBenchmark_jmh_B2">
      <SourceLine classname="com.presidentio.testdatagenerator.benchmark.generated.ConstBenchmark_jmh_B2" start="3" end="17" sourcefile="ConstBenchmark_jmh_B2.java" sourcepath="com/presidentio/testdatagenerator/benchmark/generated/ConstBenchmark_jmh_B2.java"/>
    </Class>
    <Field classname="com.presidentio.testdatagenerator.benchmark.generated.ConstBenchmark_jmh_B2" name="tearIterationMutexUpdater" signature="Ljava/util/concurrent/atomic/AtomicIntegerFieldUpdater;" isStatic="true">
      <SourceLine classname="com.presidentio.testdatagenerator.benchmark.generated.ConstBenchmark_jmh_B2" sourcefile="ConstBenchmark_jmh_B2.java" sourcepath="com/presidentio/testdatagenerator/benchmark/generated/ConstBenchmark_jmh_B2.java"/>
    </Field>
  </BugInstance>
  <BugInstance type="JMH_STATE_FINAL_FIELD" priority="2" rank="2" abbrev="" category="JMH">
    <Class classname="com.presidentio.testdatagenerator.benchmark.generated.ConstBenchmark_jmh_B2">
      <SourceLine classname="com.presidentio.testdatagenerator.benchmark.generated.ConstBenchmark_jmh_B2" start="3" end="17" sourcefile="ConstBenchmark_jmh_B2.java" sourcepath="com/presidentio/testdatagenerator/benchmark/generated/ConstBenchmark_jmh_B2.java"/>
    </Class>
    <Field classname="com.presidentio.testdatagenerator.benchmark.generated.ConstBenchmark_jmh_B2" name="tearTrialMutexUpdater" signature="Ljava/util/concurrent/atomic/AtomicIntegerFieldUpdater;" isStatic="true">
      <SourceLine classname="com.presidentio.testdatagenerator.benchmark.generated.ConstBenchmark_jmh_B2" sourcefile="ConstBenchmark_jmh_B2.java" sourcepath="com/presidentio/testdatagenerator/benchmark/generated/ConstBenchmark_jmh_B2.java"/>
    </Field>
  </BugInstance>
  <BugInstance type="JMH_STATE_FINAL_FIELD" priority="2" rank="2" abbrev="" category="JMH">
    <Class classname="com.presidentio.testdatagenerator.benchmark.generated.CounterBenchmark_jmh_B2">
      <SourceLine classname="com.presidentio.testdatagenerator.benchmark.generated.CounterBenchmark_jmh_B2" start="3" end="17" sourcefile="CounterBenchmark_jmh_B2.java" sourcepath="com/presidentio/testdatagenerator/benchmark/generated/CounterBenchmark_jmh_B2.java"/>
    </Class>
    <Field classname="com.presidentio.testdatagenerator.benchmark.generated.CounterBenchmark_jmh_B2" name="setupInvocationMutexUpdater" signature="Ljava/util/concurrent/atomic/AtomicIntegerFieldUpdater;" isStatic="true">
      <SourceLine classname="com.presidentio.testdatagenerator.benchmark.generated.CounterBenchmark_jmh_B2" sourcefile="CounterBenchmark_jmh_B2.java" sourcepath="com/presidentio/testdatagenerator/benchmark/generated/CounterBenchmark_jmh_B2.java"/>
    </Field>
  </BugInstance>
  <BugInstance type="JMH_STATE_FINAL_FIELD" priority="2" rank="2" abbrev="" category="JMH">
    <Class classname="com.presidentio.testdatagenerator.benchmark.generated.CounterBenchmark_jmh_B2">
      <SourceLine classname="com.presidentio.testdatagenerator.benchmark.generated.CounterBenchmark_jmh_B2" start="3" end="17" sourcefile="CounterBenchmark_jmh_B2.java" sourcepath="com/presidentio/testdatagenerator/benchmark/generated/CounterBenchmark_jmh_B2.java"/>
    </Class>
    <Field classname="com.presidentio.testdatagenerator.benchmark.generated.CounterBenchmark_jmh_B2" name="setupIterationMutexUpdater" signature="Ljava/util/concurrent/atomic/AtomicIntegerFieldUpdater;" isStatic="true">
      <SourceLine classname="com.presidentio.testdatagenerator.benchmark.generated.CounterBenchmark_jmh_B2" sourcefile="CounterBenchmark_jmh_B2.java" sourcepath="com/presidentio/testdatagenerator/benchmark/generated/CounterBenchmark_jmh_B2.java"/>
    </Field>
  </BugInstance>
  <BugInstance type="JMH_STATE_FINAL_FIELD" priority="2" rank="2" abbrev="" category="JMH">
    <Class classname="com.presidentio.testdatagenerator.benchmark.generated.CounterBenchmark_jmh_B2">
      <SourceLine classname="com.presidentio.testdatagenerator.benchmark.generated.CounterBenchmark_jmh_B2" start="3" end="17" sourcefile="CounterBenchmark_jmh_B2.java" sourcepath="com/presidentio/testdatagenerator/benchmark/generated/CounterBenchmark_jmh_B2.java"/>
    </Class>
    <Field classname="com.presidentio.testdatagenerator.benchmark.generated.CounterBenchmark_jmh_B2" name="setupTrialMutexUpdater" signature="Ljava/util/concurrent/atomic/AtomicIntegerFieldUpdater;" isStatic="true">
      <SourceLine classname="com.presidentio.testdatagenerator.benchmark.generated.CounterBenchmark_jmh_B2" sourcefile="CounterBenchmark_jmh_B2.java" sourcepath="com/presidentio/testdatagenerator/benchmark/generated/CounterBenchmark_jmh_B2.java"/>
    </Field>
  </BugInstance>
  <BugInstance type="JMH_STATE_FINAL_FIELD" priority="2" rank="2" abbrev="" category="JMH">
    <Class classname="com.presidentio.testdatagenerator.benchmark.generated.CounterBenchmark_jmh_B2">
      <SourceLine classname="com.presidentio.testdatagenerator.benchmark.generated.CounterBenchmark_jmh_B2" start="3" end="17" sourcefile="CounterBenchmark_jmh_B2.java" sourcepath="com/presidentio/testdatagenerator/benchmark/generated/CounterBenchmark_jmh_B2.java"/>
    </Class>
    <Field classname="com.presidentio.testdatagenerator.benchmark.generated.CounterBenchmark_jmh_B2" name="tearInvocationMutexUpdater" signature="Ljava/util/concurrent/atomic/AtomicIntegerFieldUpdater;" isStatic="true">
      <SourceLine classname="com.presidentio.testdatagenerator.benchmark.generated.CounterBenchmark_jmh_B2" sourcefile="CounterBenchmark_jmh_B2.java" sourcepath="com/presidentio/testdatagenerator/benchmark/generated/CounterBenchmark_jmh_B2.java"/>
    </Field>
  </BugInstance>
  <BugInstance type="JMH_STATE_FINAL_FIELD" priority="2" rank="2" abbrev="" category="JMH">
    <Class classname="com.presidentio.testdatagenerator.benchmark.generated.CounterBenchmark_jmh_B2">
      <SourceLine classname="com.presidentio.testdatagenerator.benchmark.generated.CounterBenchmark_jmh_B2" start="3" end="17" sourcefile="CounterBenchmark_jmh_B2.java" sourcepath="com/presidentio/testdatagenerator/benchmark/generated/CounterBenchmark_jmh_B2.java"/>
    </Class>
    <Field classname="com.presidentio.testdatagenerator.benchmark.generated.CounterBenchmark_jmh_B2" name="tearIterationMutexUpdater" signature="Ljava/util/concurrent/atomic/AtomicIntegerFieldUpdater;" isStatic="true">
      <SourceLine classname="com.presidentio.testdatagenerator.benchmark.generated.CounterBenchmark_jmh_B2" sourcefile="CounterBenchmark_jmh_B2.java" sourcepath="com/presidentio/testdatagenerator/benchmark/generated/CounterBenchmark_jmh_B2.java"/>
    </Field>
  </BugInstance>
  <BugInstance type="JMH_STATE_FINAL_FIELD" priority="2" rank="2" abbrev="" category="JMH">
    <Class classname="com.presidentio.testdatagenerator.benchmark.generated.CounterBenchmark_jmh_B2">
      <SourceLine classname="com.presidentio.testdatagenerator.benchmark.generated.CounterBenchmark_jmh_B2" start="3" end="17" sourcefile="CounterBenchmark_jmh_B2.java" sourcepath="com/presidentio/testdatagenerator/benchmark/generated/CounterBenchmark_jmh_B2.java"/>
    </Class>
    <Field classname="com.presidentio.testdatagenerator.benchmark.generated.CounterBenchmark_jmh_B2" name="tearTrialMutexUpdater" signature="Ljava/util/concurrent/atomic/AtomicIntegerFieldUpdater;" isStatic="true">
      <SourceLine classname="com.presidentio.testdatagenerator.benchmark.generated.CounterBenchmark_jmh_B2" sourcefile="CounterBenchmark_jmh_B2.java" sourcepath="com/presidentio/testdatagenerator/benchmark/generated/CounterBenchmark_jmh_B2.java"/>
    </Field>
  </BugInstance>
  <BugInstance type="JMH_STATE_FINAL_FIELD" priority="2" rank="2" abbrev="" category="JMH">
    <Class classname="com.presidentio.testdatagenerator.benchmark.generated.ExpressionBenchmark_jmh_B2">
      <SourceLine classname="com.presidentio.testdatagenerator.benchmark.generated.ExpressionBenchmark_jmh_B2" start="3" end="17" sourcefile="ExpressionBenchmark_jmh_B2.java" sourcepath="com/presidentio/testdatagenerator/benchmark/generated/ExpressionBenchmark_jmh_B2.java"/>
    </Class>
    <Field classname="com.presidentio.testdatagenerator.benchmark.generated.ExpressionBenchmark_jmh_B2" name="setupInvocationMutexUpdater" signature="Ljava/util/concurrent/atomic/AtomicIntegerFieldUpdater;" isStatic="true">
      <SourceLine classname="com.presidentio.testdatagenerator.benchmark.generated.ExpressionBenchmark_jmh_B2" sourcefile="ExpressionBenchmark_jmh_B2.java" sourcepath="com/presidentio/testdatagenerator/benchmark/generated/ExpressionBenchmark_jmh_B2.java"/>
    </Field>
  </BugInstance>
  <BugInstance type="JMH_STATE_FINAL_FIELD" priority="2" rank="2" abbrev="" category="JMH">
    <Class classname="com.presidentio.testdatagenerator.benchmark.generated.ExpressionBenchmark_jmh_B2">
      <SourceLine classname="com.presidentio.testdatagenerator.benchmark.generated.ExpressionBenchmark_jmh_B2" start="3" end="17" sourcefile="ExpressionBenchmark_jmh_B2.java" sourcepath="com/presidentio/testdatagenerator/benchmark/generated/ExpressionBenchmark_jmh_B2.java"/>
    </Class>
    <Field classname="com.presidentio.testdatagenerator.benchmark.generated.ExpressionBenchmark_jmh_B2" name="setupIterationMutexUpdater" signature="Ljava/util/concurrent/atomic/AtomicIntegerFieldUpdater;" isStatic="true">
      <SourceLine classname="com.presidentio.testdatagenerator.benchmark.generated.ExpressionBenchmark_jmh_B2" sourcefile="ExpressionBenchmark_jmh_B2.java" sourcepath="com/presidentio/testdatagenerator/benchmark/generated/ExpressionBenchmark_jmh_B2.java"/>
    </Field>
  </BugInstance>
  <BugInstance type="JMH_STATE_FINAL_FIELD" priority="2" rank="2" abbrev="" category="JMH">
    <Class classname="com.presidentio.testdatagenerator.benchmark.generated.ExpressionBenchmark_jmh_B2">
      <SourceLine classname="com.presidentio.testdatagenerator.benchmark.generated.ExpressionBenchmark_jmh_B2" start="3" end="17" sourcefile="ExpressionBenchmark_jmh_B2.java" sourcepath="com/presidentio/testdatagenerator/benchmark/generated/ExpressionBenchmark_jmh_B2.java"/>
    </Class>
    <Field classname="com.presidentio.testdatagenerator.benchmark.generated.ExpressionBenchmark_jmh_B2" name="setupTrialMutexUpdater" signature="Ljava/util/concurrent/atomic/AtomicIntegerFieldUpdater;" isStatic="true">
      <SourceLine classname="com.presidentio.testdatagenerator.benchmark.generated.ExpressionBenchmark_jmh_B2" sourcefile="ExpressionBenchmark_jmh_B2.java" sourcepath="com/presidentio/testdatagenerator/benchmark/generated/ExpressionBenchmark_jmh_B2.java"/>
    </Field>
  </BugInstance>
  <BugInstance type="JMH_STATE_FINAL_FIELD" priority="2" rank="2" abbrev="" category="JMH">
    <Class classname="com.presidentio.testdatagenerator.benchmark.generated.ExpressionBenchmark_jmh_B2">
      <SourceLine classname="com.presidentio.testdatagenerator.benchmark.generated.ExpressionBenchmark_jmh_B2" start="3" end="17" sourcefile="ExpressionBenchmark_jmh_B2.java" sourcepath="com/presidentio/testdatagenerator/benchmark/generated/ExpressionBenchmark_jmh_B2.java"/>
    </Class>
    <Field classname="com.presidentio.testdatagenerator.benchmark.generated.ExpressionBenchmark_jmh_B2" name="tearInvocationMutexUpdater" signature="Ljava/util/concurrent/atomic/AtomicIntegerFieldUpdater;" isStatic="true">
      <SourceLine classname="com.presidentio.testdatagenerator.benchmark.generated.ExpressionBenchmark_jmh_B2" sourcefile="ExpressionBenchmark_jmh_B2.java" sourcepath="com/presidentio/testdatagenerator/benchmark/generated/ExpressionBenchmark_jmh_B2.java"/>
    </Field>
  </BugInstance>
  <BugInstance type="JMH_STATE_FINAL_FIELD" priority="2" rank="2" abbrev="" category="JMH">
    <Class classname="com.presidentio.testdatagenerator.benchmark.generated.ExpressionBenchmark_jmh_B2">
      <SourceLine classname="com.presidentio.testdatagenerator.benchmark.generated.ExpressionBenchmark_jmh_B2" start="3" end="17" sourcefile="ExpressionBenchmark_jmh_B2.java" sourcepath="com/presidentio/testdatagenerator/benchmark/generated/ExpressionBenchmark_jmh_B2.java"/>
    </Class>
    <Field classname="com.presidentio.testdatagenerator.benchmark.generated.ExpressionBenchmark_jmh_B2" name="tearIterationMutexUpdater" signature="Ljava/util/concurrent/atomic/AtomicIntegerFieldUpdater;" isStatic="true">
      <SourceLine classname="com.presidentio.testdatagenerator.benchmark.generated.ExpressionBenchmark_jmh_B2" sourcefile="ExpressionBenchmark_jmh_B2.java" sourcepath="com/presidentio/testdatagenerator/benchmark/generated/ExpressionBenchmark_jmh_B2.java"/>
    </Field>
  </BugInstance>
  <BugInstance type="JMH_STATE_FINAL_FIELD" priority="2" rank="2" abbrev="" category="JMH">
    <Class classname="com.presidentio.testdatagenerator.benchmark.generated.ExpressionBenchmark_jmh_B2">
      <SourceLine classname="com.presidentio.testdatagenerator.benchmark.generated.ExpressionBenchmark_jmh_B2" start="3" end="17" sourcefile="ExpressionBenchmark_jmh_B2.java" sourcepath="com/presidentio/testdatagenerator/benchmark/generated/ExpressionBenchmark_jmh_B2.java"/>
    </Class>
    <Field classname="com.presidentio.testdatagenerator.benchmark.generated.ExpressionBenchmark_jmh_B2" name="tearTrialMutexUpdater" signature="Ljava/util/concurrent/atomic/AtomicIntegerFieldUpdater;" isStatic="true">
      <SourceLine classname="com.presidentio.testdatagenerator.benchmark.generated.ExpressionBenchmark_jmh_B2" sourcefile="ExpressionBenchmark_jmh_B2.java" sourcepath="com/presidentio/testdatagenerator/benchmark/generated/ExpressionBenchmark_jmh_B2.java"/>
    </Field>
  </BugInstance>
  <BugInstance type="JMH_STATE_FINAL_FIELD" priority="2" rank="2" abbrev="" category="JMH">
    <Class classname="com.presidentio.testdatagenerator.benchmark.generated.ExpressionProxyBenchmark_jmh_B2">
      <SourceLine classname="com.presidentio.testdatagenerator.benchmark.generated.ExpressionProxyBenchmark_jmh_B2" start="3" end="17" sourcefile="ExpressionProxyBenchmark_jmh_B2.java" sourcepath="com/presidentio/testdatagenerator/benchmark/generated/ExpressionProxyBenchmark_jmh_B2.java"/>
    </Class>
    <Field classname="com.presidentio.testdatagenerator.benchmark.generated.ExpressionProxyBenchmark_jmh_B2" name="setupInvocationMutexUpdater" signature="Ljava/util/concurrent/atomic/AtomicIntegerFieldUpdater;" isStatic="true">
      <SourceLine classname="com.presidentio.testdatagenerator.benchmark.generated.ExpressionProxyBenchmark_jmh_B2" sourcefile="ExpressionProxyBenchmark_jmh_B2.java" sourcepath="com/presidentio/testdatagenerator/benchmark/generated/ExpressionProxyBenchmark_jmh_B2.java"/>
    </Field>
  </BugInstance>
  <BugInstance type="JMH_STATE_FINAL_FIELD" priority="2" rank="2" abbrev="" category="JMH">
    <Class classname="com.presidentio.testdatagenerator.benchmark.generated.ExpressionProxyBenchmark_jmh_B2">
      <SourceLine classname="com.presidentio.testdatagenerator.benchmark.generated.ExpressionProxyBenchmark_jmh_B2" start="3" end="17" sourcefile="ExpressionProxyBenchmark_jmh_B2.java" sourcepath="com/presidentio/testdatagenerator/benchmark/generated/ExpressionProxyBenchmark_jmh_B2.java"/>
    </Class>
    <Field classname="com.presidentio.testdatagenerator.benchmark.generated.ExpressionProxyBenchmark_jmh_B2" name="setupIterationMutexUpdater" signature="Ljava/util/concurrent/atomic/AtomicIntegerFieldUpdater;" isStatic="true">
      <SourceLine classname="com.presidentio.testdatagenerator.benchmark.generated.ExpressionProxyBenchmark_jmh_B2" sourcefile="ExpressionProxyBenchmark_jmh_B2.java" sourcepath="com/presidentio/testdatagenerator/benchmark/generated/ExpressionProxyBenchmark_jmh_B2.java"/>
    </Field>
  </BugInstance>
  <BugInstance type="JMH_STATE_FINAL_FIELD" priority="2" rank="2" abbrev="" category="JMH">
    <Class classname="com.presidentio.testdatagenerator.benchmark.generated.ExpressionProxyBenchmark_jmh_B2">
      <SourceLine classname="com.presidentio.testdatagenerator.benchmark.generated.ExpressionProxyBenchmark_jmh_B2" start="3" end="17" sourcefile="ExpressionProxyBenchmark_jmh_B2.java" sourcepath="com/presidentio/testdatagenerator/benchmark/generated/ExpressionProxyBenchmark_jmh_B2.java"/>
    </Class>
    <Field classname="com.presidentio.testdatagenerator.benchmark.generated.ExpressionProxyBenchmark_jmh_B2" name="setupTrialMutexUpdater" signature="Ljava/util/concurrent/atomic/AtomicIntegerFieldUpdater;" isStatic="true">
      <SourceLine classname="com.presidentio.testdatagenerator.benchmark.generated.ExpressionProxyBenchmark_jmh_B2" sourcefile="ExpressionProxyBenchmark_jmh_B2.java" sourcepath="com/presidentio/testdatagenerator/benchmark/generated/ExpressionProxyBenchmark_jmh_B2.java"/>
    </Field>
  </BugInstance>
  <BugInstance type="JMH_STATE_FINAL_FIELD" priority="2" rank="2" abbrev="" category="JMH">
    <Class classname="com.presidentio.testdatagenerator.benchmark.generated.ExpressionProxyBenchmark_jmh_B2">
      <SourceLine classname="com.presidentio.testdatagenerator.benchmark.generated.ExpressionProxyBenchmark_jmh_B2" start="3" end="17" sourcefile="ExpressionProxyBenchmark_jmh_B2.java" sourcepath="com/presidentio/testdatagenerator/benchmark/generated/ExpressionProxyBenchmark_jmh_B2.java"/>
    </Class>
    <Field classname="com.presidentio.testdatagenerator.benchmark.generated.ExpressionProxyBenchmark_jmh_B2" name="tearInvocationMutexUpdater" signature="Ljava/util/concurrent/atomic/AtomicIntegerFieldUpdater;" isStatic="true">
      <SourceLine classname="com.presidentio.testdatagenerator.benchmark.generated.ExpressionProxyBenchmark_jmh_B2" sourcefile="ExpressionProxyBenchmark_jmh_B2.java" sourcepath="com/presidentio/testdatagenerator/benchmark/generated/ExpressionProxyBenchmark_jmh_B2.java"/>
    </Field>
  </BugInstance>
  <BugInstance type="JMH_STATE_FINAL_FIELD" priority="2" rank="2" abbrev="" category="JMH">
    <Class classname="com.presidentio.testdatagenerator.benchmark.generated.ExpressionProxyBenchmark_jmh_B2">
      <SourceLine classname="com.presidentio.testdatagenerator.benchmark.generated.ExpressionProxyBenchmark_jmh_B2" start="3" end="17" sourcefile="ExpressionProxyBenchmark_jmh_B2.java" sourcepath="com/presidentio/testdatagenerator/benchmark/generated/ExpressionProxyBenchmark_jmh_B2.java"/>
    </Class>
    <Field classname="com.presidentio.testdatagenerator.benchmark.generated.ExpressionProxyBenchmark_jmh_B2" name="tearIterationMutexUpdater" signature="Ljava/util/concurrent/atomic/AtomicIntegerFieldUpdater;" isStatic="true">
      <SourceLine classname="com.presidentio.testdatagenerator.benchmark.generated.ExpressionProxyBenchmark_jmh_B2" sourcefile="ExpressionProxyBenchmark_jmh_B2.java" sourcepath="com/presidentio/testdatagenerator/benchmark/generated/ExpressionProxyBenchmark_jmh_B2.java"/>
    </Field>
  </BugInstance>
  <BugInstance type="JMH_STATE_FINAL_FIELD" priority="2" rank="2" abbrev="" category="JMH">
    <Class classname="com.presidentio.testdatagenerator.benchmark.generated.ExpressionProxyBenchmark_jmh_B2">
      <SourceLine classname="com.presidentio.testdatagenerator.benchmark.generated.ExpressionProxyBenchmark_jmh_B2" start="3" end="17" sourcefile="ExpressionProxyBenchmark_jmh_B2.java" sourcepath="com/presidentio/testdatagenerator/benchmark/generated/ExpressionProxyBenchmark_jmh_B2.java"/>
    </Class>
    <Field classname="com.presidentio.testdatagenerator.benchmark.generated.ExpressionProxyBenchmark_jmh_B2" name="tearTrialMutexUpdater" signature="Ljava/util/concurrent/atomic/AtomicIntegerFieldUpdater;" isStatic="true">
      <SourceLine classname="com.presidentio.testdatagenerator.benchmark.generated.ExpressionProxyBenchmark_jmh_B2" sourcefile="ExpressionProxyBenchmark_jmh_B2.java" sourcepath="com/presidentio/testdatagenerator/benchmark/generated/ExpressionProxyBenchmark_jmh_B2.java"/>
    </Field>
  </BugInstance>
  <BugInstance type="JMH_STATE_FINAL_FIELD" priority="2" rank="2" abbrev="" category="JMH">
    <Class classname="com.presidentio.testdatagenerator.benchmark.generated.ParentBenchmark_jmh_B2">
      <SourceLine classname="com.presidentio.testdatagenerator.benchmark.generated.ParentBenchmark_jmh_B2" start="3" end="17" sourcefile="ParentBenchmark_jmh_B2.java" sourcepath="com/presidentio/testdatagenerator/benchmark/generated/ParentBenchmark_jmh_B2.java"/>
    </Class>
    <Field classname="com.presidentio.testdatagenerator.benchmark.generated.ParentBenchmark_jmh_B2" name="setupInvocationMutexUpdater" signature="Ljava/util/concurrent/atomic/AtomicIntegerFieldUpdater;" isStatic="true">
      <SourceLine classname="com.presidentio.testdatagenerator.benchmark.generated.ParentBenchmark_jmh_B2" sourcefile="ParentBenchmark_jmh_B2.java" sourcepath="com/presidentio/testdatagenerator/benchmark/generated/ParentBenchmark_jmh_B2.java"/>
    </Field>
  </BugInstance>
  <BugInstance type="JMH_STATE_FINAL_FIELD" priority="2" rank="2" abbrev="" category="JMH">
    <Class classname="com.presidentio.testdatagenerator.benchmark.generated.ParentBenchmark_jmh_B2">
      <SourceLine classname="com.presidentio.testdatagenerator.benchmark.generated.ParentBenchmark_jmh_B2" start="3" end="17" sourcefile="ParentBenchmark_jmh_B2.java" sourcepath="com/presidentio/testdatagenerator/benchmark/generated/ParentBenchmark_jmh_B2.java"/>
    </Class>
    <Field classname="com.presidentio.testdatagenerator.benchmark.generated.ParentBenchmark_jmh_B2" name="setupIterationMutexUpdater" signature="Ljava/util/concurrent/atomic/AtomicIntegerFieldUpdater;" isStatic="true">
      <SourceLine classname="com.presidentio.testdatagenerator.benchmark.generated.ParentBenchmark_jmh_B2" sourcefile="ParentBenchmark_jmh_B2.java" sourcepath="com/presidentio/testdatagenerator/benchmark/generated/ParentBenchmark_jmh_B2.java"/>
    </Field>
  </BugInstance>
  <BugInstance type="JMH_STATE_FINAL_FIELD" priority="2" rank="2" abbrev="" category="JMH">
    <Class classname="com.presidentio.testdatagenerator.benchmark.generated.ParentBenchmark_jmh_B2">
      <SourceLine classname="com.presidentio.testdatagenerator.benchmark.generated.ParentBenchmark_jmh_B2" start="3" end="17" sourcefile="ParentBenchmark_jmh_B2.java" sourcepath="com/presidentio/testdatagenerator/benchmark/generated/ParentBenchmark_jmh_B2.java"/>
    </Class>
    <Field classname="com.presidentio.testdatagenerator.benchmark.generated.ParentBenchmark_jmh_B2" name="setupTrialMutexUpdater" signature="Ljava/util/concurrent/atomic/AtomicIntegerFieldUpdater;" isStatic="true">
      <SourceLine classname="com.presidentio.testdatagenerator.benchmark.generated.ParentBenchmark_jmh_B2" sourcefile="ParentBenchmark_jmh_B2.java" sourcepath="com/presidentio/testdatagenerator/benchmark/generated/ParentBenchmark_jmh_B2.java"/>
    </Field>
  </BugInstance>
  <BugInstance type="JMH_STATE_FINAL_FIELD" priority="2" rank="2" abbrev="" category="JMH">
    <Class classname="com.presidentio.testdatagenerator.benchmark.generated.ParentBenchmark_jmh_B2">
      <SourceLine classname="com.presidentio.testdatagenerator.benchmark.generated.ParentBenchmark_jmh_B2" start="3" end="17" sourcefile="ParentBenchmark_jmh_B2.java" sourcepath="com/presidentio/testdatagenerator/benchmark/generated/ParentBenchmark_jmh_B2.java"/>
    </Class>
    <Field classname="com.presidentio.testdatagenerator.benchmark.generated.ParentBenchmark_jmh_B2" name="tearInvocationMutexUpdater" signature="Ljava/util/concurrent/atomic/AtomicIntegerFieldUpdater;" isStatic="true">
      <SourceLine classname="com.presidentio.testdatagenerator.benchmark.generated.ParentBenchmark_jmh_B2" sourcefile="ParentBenchmark_jmh_B2.java" sourcepath="com/presidentio/testdatagenerator/benchmark/generated/ParentBenchmark_jmh_B2.java"/>
    </Field>
  </BugInstance>
  <BugInstance type="JMH_STATE_FINAL_FIELD" priority="2" rank="2" abbrev="" category="JMH">
    <Class classname="com.presidentio.testdatagenerator.benchmark.generated.ParentBenchmark_jmh_B2">
      <SourceLine classname="com.presidentio.testdatagenerator.benchmark.generated.ParentBenchmark_jmh_B2" start="3" end="17" sourcefile="ParentBenchmark_jmh_B2.java" sourcepath="com/presidentio/testdatagenerator/benchmark/generated/ParentBenchmark_jmh_B2.java"/>
    </Class>
    <Field classname="com.presidentio.testdatagenerator.benchmark.generated.ParentBenchmark_jmh_B2" name="tearIterationMutexUpdater" signature="Ljava/util/concurrent/atomic/AtomicIntegerFieldUpdater;" isStatic="true">
      <SourceLine classname="com.presidentio.testdatagenerator.benchmark.generated.ParentBenchmark_jmh_B2" sourcefile="ParentBenchmark_jmh_B2.java" sourcepath="com/presidentio/testdatagenerator/benchmark/generated/ParentBenchmark_jmh_B2.java"/>
    </Field>
  </BugInstance>
  <BugInstance type="JMH_STATE_FINAL_FIELD" priority="2" rank="2" abbrev="" category="JMH">
    <Class classname="com.presidentio.testdatagenerator.benchmark.generated.ParentBenchmark_jmh_B2">
      <SourceLine classname="com.presidentio.testdatagenerator.benchmark.generated.ParentBenchmark_jmh_B2" start="3" end="17" sourcefile="ParentBenchmark_jmh_B2.java" sourcepath="com/presidentio/testdatagenerator/benchmark/generated/ParentBenchmark_jmh_B2.java"/>
    </Class>
    <Field classname="com.presidentio.testdatagenerator.benchmark.generated.ParentBenchmark_jmh_B2" name="tearTrialMutexUpdater" signature="Ljava/util/concurrent/atomic/AtomicIntegerFieldUpdater;" isStatic="true">
      <SourceLine classname="com.presidentio.testdatagenerator.benchmark.generated.ParentBenchmark_jmh_B2" sourcefile="ParentBenchmark_jmh_B2.java" sourcepath="com/presidentio/testdatagenerator/benchmark/generated/ParentBenchmark_jmh_B2.java"/>
    </Field>
  </BugInstance>
  <BugInstance type="JMH_STATE_FINAL_FIELD" priority="2" rank="2" abbrev="" category="JMH">
    <Class classname="com.presidentio.testdatagenerator.benchmark.generated.RandomBenchmark_jmh_B2">
      <SourceLine classname="com.presidentio.testdatagenerator.benchmark.generated.RandomBenchmark_jmh_B2" start="3" end="17" sourcefile="RandomBenchmark_jmh_B2.java" sourcepath="com/presidentio/testdatagenerator/benchmark/generated/RandomBenchmark_jmh_B2.java"/>
    </Class>
    <Field classname="com.presidentio.testdatagenerator.benchmark.generated.RandomBenchmark_jmh_B2" name="setupInvocationMutexUpdater" signature="Ljava/util/concurrent/atomic/AtomicIntegerFieldUpdater;" isStatic="true">
      <SourceLine classname="com.presidentio.testdatagenerator.benchmark.generated.RandomBenchmark_jmh_B2" sourcefile="RandomBenchmark_jmh_B2.java" sourcepath="com/presidentio/testdatagenerator/benchmark/generated/RandomBenchmark_jmh_B2.java"/>
    </Field>
  </BugInstance>
  <BugInstance type="JMH_STATE_FINAL_FIELD" priority="2" rank="2" abbrev="" category="JMH">
    <Class classname="com.presidentio.testdatagenerator.benchmark.generated.RandomBenchmark_jmh_B2">
      <SourceLine classname="com.presidentio.testdatagenerator.benchmark.generated.RandomBenchmark_jmh_B2" start="3" end="17" sourcefile="RandomBenchmark_jmh_B2.java" sourcepath="com/presidentio/testdatagenerator/benchmark/generated/RandomBenchmark_jmh_B2.java"/>
    </Class>
    <Field classname="com.presidentio.testdatagenerator.benchmark.generated.RandomBenchmark_jmh_B2" name="setupIterationMutexUpdater" signature="Ljava/util/concurrent/atomic/AtomicIntegerFieldUpdater;" isStatic="true">
      <SourceLine classname="com.presidentio.testdatagenerator.benchmark.generated.RandomBenchmark_jmh_B2" sourcefile="RandomBenchmark_jmh_B2.java" sourcepath="com/presidentio/testdatagenerator/benchmark/generated/RandomBenchmark_jmh_B2.java"/>
    </Field>
  </BugInstance>
  <BugInstance type="JMH_STATE_FINAL_FIELD" priority="2" rank="2" abbrev="" category="JMH">
    <Class classname="com.presidentio.testdatagenerator.benchmark.generated.RandomBenchmark_jmh_B2">
      <SourceLine classname="com.presidentio.testdatagenerator.benchmark.generated.RandomBenchmark_jmh_B2" start="3" end="17" sourcefile="RandomBenchmark_jmh_B2.java" sourcepath="com/presidentio/testdatagenerator/benchmark/generated/RandomBenchmark_jmh_B2.java"/>
    </Class>
    <Field classname="com.presidentio.testdatagenerator.benchmark.generated.RandomBenchmark_jmh_B2" name="setupTrialMutexUpdater" signature="Ljava/util/concurrent/atomic/AtomicIntegerFieldUpdater;" isStatic="true">
      <SourceLine classname="com.presidentio.testdatagenerator.benchmark.generated.RandomBenchmark_jmh_B2" sourcefile="RandomBenchmark_jmh_B2.java" sourcepath="com/presidentio/testdatagenerator/benchmark/generated/RandomBenchmark_jmh_B2.java"/>
    </Field>
  </BugInstance>
  <BugInstance type="JMH_STATE_FINAL_FIELD" priority="2" rank="2" abbrev="" category="JMH">
    <Class classname="com.presidentio.testdatagenerator.benchmark.generated.RandomBenchmark_jmh_B2">
      <SourceLine classname="com.presidentio.testdatagenerator.benchmark.generated.RandomBenchmark_jmh_B2" start="3" end="17" sourcefile="RandomBenchmark_jmh_B2.java" sourcepath="com/presidentio/testdatagenerator/benchmark/generated/RandomBenchmark_jmh_B2.java"/>
    </Class>
    <Field classname="com.presidentio.testdatagenerator.benchmark.generated.RandomBenchmark_jmh_B2" name="tearInvocationMutexUpdater" signature="Ljava/util/concurrent/atomic/AtomicIntegerFieldUpdater;" isStatic="true">
      <SourceLine classname="com.presidentio.testdatagenerator.benchmark.generated.RandomBenchmark_jmh_B2" sourcefile="RandomBenchmark_jmh_B2.java" sourcepath="com/presidentio/testdatagenerator/benchmark/generated/RandomBenchmark_jmh_B2.java"/>
    </Field>
  </BugInstance>
  <BugInstance type="JMH_STATE_FINAL_FIELD" priority="2" rank="2" abbrev="" category="JMH">
    <Class classname="com.presidentio.testdatagenerator.benchmark.generated.RandomBenchmark_jmh_B2">
      <SourceLine classname="com.presidentio.testdatagenerator.benchmark.generated.RandomBenchmark_jmh_B2" start="3" end="17" sourcefile="RandomBenchmark_jmh_B2.java" sourcepath="com/presidentio/testdatagenerator/benchmark/generated/RandomBenchmark_jmh_B2.java"/>
    </Class>
    <Field classname="com.presidentio.testdatagenerator.benchmark.generated.RandomBenchmark_jmh_B2" name="tearIterationMutexUpdater" signature="Ljava/util/concurrent/atomic/AtomicIntegerFieldUpdater;" isStatic="true">
      <SourceLine classname="com.presidentio.testdatagenerator.benchmark.generated.RandomBenchmark_jmh_B2" sourcefile="RandomBenchmark_jmh_B2.java" sourcepath="com/presidentio/testdatagenerator/benchmark/generated/RandomBenchmark_jmh_B2.java"/>
    </Field>
  </BugInstance>
  <BugInstance type="JMH_STATE_FINAL_FIELD" priority="2" rank="2" abbrev="" category="JMH">
    <Class classname="com.presidentio.testdatagenerator.benchmark.generated.RandomBenchmark_jmh_B2">
      <SourceLine classname="com.presidentio.testdatagenerator.benchmark.generated.RandomBenchmark_jmh_B2" start="3" end="17" sourcefile="RandomBenchmark_jmh_B2.java" sourcepath="com/presidentio/testdatagenerator/benchmark/generated/RandomBenchmark_jmh_B2.java"/>
    </Class>
    <Field classname="com.presidentio.testdatagenerator.benchmark.generated.RandomBenchmark_jmh_B2" name="tearTrialMutexUpdater" signature="Ljava/util/concurrent/atomic/AtomicIntegerFieldUpdater;" isStatic="true">
      <SourceLine classname="com.presidentio.testdatagenerator.benchmark.generated.RandomBenchmark_jmh_B2" sourcefile="RandomBenchmark_jmh_B2.java" sourcepath="com/presidentio/testdatagenerator/benchmark/generated/RandomBenchmark_jmh_B2.java"/>
    </Field>
  </BugInstance>
  <Errors errors="0" missingClasses="48">
    <MissingClass>com.beust.jcommander.JCommander</MissingClass>
    <MissingClass>com.beust.jcommander.ParameterException</MissingClass>
    <MissingClass>junit.framework.TestCase</MissingClass>
    <MissingClass>org.apache.commons.io.IOUtils</MissingClass>
    <MissingClass>org.apache.kafka.clients.producer.KafkaProducer</MissingClass>
    <MissingClass>org.apache.kafka.clients.producer.Producer</MissingClass>
    <MissingClass>org.apache.kafka.clients.producer.ProducerRecord</MissingClass>
    <MissingClass>org.codehaus.jackson.JsonParser</MissingClass>
    <MissingClass>org.codehaus.jackson.map.JsonDeserializer</MissingClass>
    <MissingClass>org.codehaus.jackson.map.ObjectMapper</MissingClass>
    <MissingClass>org.codehaus.jackson.map.deser.StdDeserializerProvider</MissingClass>
    <MissingClass>org.codehaus.jackson.map.module.SimpleDeserializers</MissingClass>
    <MissingClass>org.elasticsearch.action.ListenableActionFuture</MissingClass>
    <MissingClass>org.elasticsearch.action.admin.indices.create.CreateIndexRequestBuilder</MissingClass>
    <MissingClass>org.elasticsearch.action.admin.indices.create.CreateIndexResponse</MissingClass>
    <MissingClass>org.elasticsearch.action.admin.indices.delete.DeleteIndexRequestBuilder</MissingClass>
    <MissingClass>org.elasticsearch.action.admin.indices.delete.DeleteIndexResponse</MissingClass>
    <MissingClass>org.elasticsearch.action.admin.indices.exists.indices.IndicesExistsRequestBuilder</MissingClass>
    <MissingClass>org.elasticsearch.action.admin.indices.exists.indices.IndicesExistsResponse</MissingClass>
    <MissingClass>org.elasticsearch.action.admin.indices.mapping.put.PutMappingRequestBuilder</MissingClass>
    <MissingClass>org.elasticsearch.action.admin.indices.mapping.put.PutMappingResponse</MissingClass>
    <MissingClass>org.elasticsearch.action.bulk.BulkRequestBuilder</MissingClass>
    <MissingClass>org.elasticsearch.action.bulk.BulkResponse</MissingClass>
    <MissingClass>org.elasticsearch.action.count.CountRequestBuilder</MissingClass>
    <MissingClass>org.elasticsearch.action.count.CountResponse</MissingClass>
    <MissingClass>org.elasticsearch.client.AdminClient</MissingClass>
    <MissingClass>org.elasticsearch.client.Client</MissingClass>
    <MissingClass>org.elasticsearch.client.IndicesAdminClient</MissingClass>
    <MissingClass>org.elasticsearch.client.transport.TransportClient</MissingClass>
    <MissingClass>org.elasticsearch.common.settings.ImmutableSettings</MissingClass>
    <MissingClass>org.elasticsearch.common.settings.ImmutableSettings$Builder</MissingClass>
    <MissingClass>org.elasticsearch.common.transport.InetSocketTransportAddress</MissingClass>
    <MissingClass>org.elasticsearch.common.unit.TimeValue</MissingClass>
    <MissingClass>org.elasticsearch.index.query.QueryBuilders</MissingClass>
    <MissingClass>org.junit.Assert</MissingClass>
    <MissingClass>org.mvel2.MVEL</MissingClass>
    <MissingClass>org.openjdk.jmh.infra.BenchmarkParams</MissingClass>
    <MissingClass>org.openjdk.jmh.infra.Blackhole</MissingClass>
    <MissingClass>org.openjdk.jmh.infra.IterationParams</MissingClass>
    <MissingClass>org.openjdk.jmh.infra.ThreadParams</MissingClass>
    <MissingClass>org.openjdk.jmh.results.AverageTimeResult</MissingClass>
    <MissingClass>org.openjdk.jmh.results.RawResults</MissingClass>
    <MissingClass>org.openjdk.jmh.results.ResultRole</MissingClass>
    <MissingClass>org.openjdk.jmh.results.SampleTimeResult</MissingClass>
    <MissingClass>org.openjdk.jmh.results.SingleShotResult</MissingClass>
    <MissingClass>org.openjdk.jmh.results.ThroughputResult</MissingClass>
    <MissingClass>org.openjdk.jmh.runner.InfraControl</MissingClass>
    <MissingClass>org.openjdk.jmh.util.SampleBuffer</MissingClass>
  </Errors>
  <FindBugsSummary timestamp="Sun, 19 Nov 2017 22:03:03 +0100" total_classes="145" referenced_classes="266" total_bugs="55" total_size="10925" num_packages="15" java_version="1.8.0_74" vm_version="25.74-b02" cpu_seconds="17.28" clock_seconds="5.07" peak_mbytes="335.48" alloc_mbytes="3641.00" gc_seconds="0.09" priority_2="55">
    <PackageStats package="com.presidentio.testdatagenerator" total_bugs="0" total_types="21" total_size="631">
      <ClassStats class="com.presidentio.testdatagenerator.AbstractEsTest" sourceFile="AbstractEsTest.java" interface="false" size="41" bugs="0"/>
      <ClassStats class="com.presidentio.testdatagenerator.AbstractGenerator" sourceFile="AbstractGenerator.java" interface="false" size="55" bugs="0"/>
      <ClassStats class="com.presidentio.testdatagenerator.AbstractGeneratorTest" sourceFile="AbstractGeneratorTest.java" interface="false" size="17" bugs="0"/>
      <ClassStats class="com.presidentio.testdatagenerator.AbstractSqlTest" sourceFile="AbstractSqlTest.java" interface="false" size="29" bugs="0"/>
      <ClassStats class="com.presidentio.testdatagenerator.CsvFileTest" sourceFile="CsvFileTest.java" interface="false" size="13" bugs="0"/>
      <ClassStats class="com.presidentio.testdatagenerator.EsDirectTest" sourceFile="EsDirectTest.java" interface="false" size="27" bugs="0"/>
      <ClassStats class="com.presidentio.testdatagenerator.EsFileTest" sourceFile="EsFileTest.java" interface="false" size="31" bugs="0"/>
      <ClassStats class="com.presidentio.testdatagenerator.ExtendProvidersTest" sourceFile="ExtendProvidersTest.java" interface="false" size="33" bugs="0"/>
      <ClassStats class="com.presidentio.testdatagenerator.ExtendProvidersTest$1" sourceFile="ExtendProvidersTest.java" interface="false" size="7" bugs="0"/>
      <ClassStats class="com.presidentio.testdatagenerator.ExtendProvidersTest$1$1" sourceFile="ExtendProvidersTest.java" interface="false" size="9" bugs="0"/>
      <ClassStats class="com.presidentio.testdatagenerator.ExtendTemplateTest" sourceFile="ExtendTemplateTest.java" interface="false" size="27" bugs="0"/>
      <ClassStats class="com.presidentio.testdatagenerator.GenerateTask" sourceFile="GenerateTask.java" interface="false" size="44" bugs="0"/>
      <ClassStats class="com.presidentio.testdatagenerator.Generator" sourceFile="Generator.java" interface="true" size="2" bugs="0"/>
      <ClassStats class="com.presidentio.testdatagenerator.InitTask" sourceFile="InitTask.java" interface="false" size="48" bugs="0"/>
      <ClassStats class="com.presidentio.testdatagenerator.KafkaTest" sourceFile="KafkaTest.java" interface="false" size="11" bugs="0"/>
      <ClassStats class="com.presidentio.testdatagenerator.MergeSchemaTest" sourceFile="MergeSchemaTest.java" interface="false" size="27" bugs="0"/>
      <ClassStats class="com.presidentio.testdatagenerator.OneTimeGenerator" sourceFile="OneTimeGenerator.java" interface="false" size="28" bugs="0"/>
      <ClassStats class="com.presidentio.testdatagenerator.SqlDirectTest" sourceFile="SqlDirectTest.java" interface="false" size="31" bugs="0"/>
      <ClassStats class="com.presidentio.testdatagenerator.SqlFileTest" sourceFile="SqlFileTest.java" interface="false" size="32" bugs="0"/>
      <ClassStats class="com.presidentio.testdatagenerator.SqlScriptRunner" sourceFile="SqlScriptRunner.java" interface="false" size="92" bugs="0"/>
      <ClassStats class="com.presidentio.testdatagenerator.Starter" sourceFile="Starter.java" interface="false" size="27" bugs="0"/>
    </PackageStats>
    <PackageStats package="com.presidentio.testdatagenerator.benchmark" total_bugs="19" total_types="7" total_size="154" priority_2="19">
      <ClassStats class="com.presidentio.testdatagenerator.benchmark.ConstBenchmark" sourceFile="ConstBenchmark.java" interface="false" size="18" bugs="2" priority_2="2"/>
      <ClassStats class="com.presidentio.testdatagenerator.benchmark.CounterBenchmark" sourceFile="CounterBenchmark.java" interface="false" size="19" bugs="2" priority_2="2"/>
      <ClassStats class="com.presidentio.testdatagenerator.benchmark.EsFileBenchmark" sourceFile="EsFileBenchmark.java" interface="false" size="12" bugs="3" priority_2="3"/>
      <ClassStats class="com.presidentio.testdatagenerator.benchmark.ExpressionBenchmark" sourceFile="ExpressionBenchmark.java" interface="false" size="21" bugs="2" priority_2="2"/>
      <ClassStats class="com.presidentio.testdatagenerator.benchmark.ExpressionProxyBenchmark" sourceFile="ExpressionProxyBenchmark.java" interface="false" size="51" bugs="6" priority_2="6"/>
      <ClassStats class="com.presidentio.testdatagenerator.benchmark.ParentBenchmark" sourceFile="ParentBenchmark.java" interface="false" size="18" bugs="2" priority_2="2"/>
      <ClassStats class="com.presidentio.testdatagenerator.benchmark.RandomBenchmark" sourceFile="RandomBenchmark.java" interface="false" size="15" bugs="2" priority_2="2"/>
    </PackageStats>
    <PackageStats package="com.presidentio.testdatagenerator.benchmark.generated" total_bugs="36" total_types="37" total_size="7946" priority_2="36">
      <ClassStats class="com.presidentio.testdatagenerator.benchmark.generated.ConstBenchmark_jmh" sourceFile="ConstBenchmark_jmh.java" interface="false" size="3" bugs="0"/>
      <ClassStats class="com.presidentio.testdatagenerator.benchmark.generated.ConstBenchmark_jmh_B1" sourceFile="ConstBenchmark_jmh_B1.java" interface="false" size="259" bugs="0"/>
      <ClassStats class="com.presidentio.testdatagenerator.benchmark.generated.ConstBenchmark_jmh_B2" sourceFile="ConstBenchmark_jmh_B2.java" interface="false" size="25" bugs="6" priority_2="6"/>
      <ClassStats class="com.presidentio.testdatagenerator.benchmark.generated.ConstBenchmark_jmh_B3" sourceFile="ConstBenchmark_jmh_B3.java" interface="false" size="259" bugs="0"/>
      <ClassStats class="com.presidentio.testdatagenerator.benchmark.generated.ConstBenchmark_measureExpression" sourceFile="ConstBenchmark_measureExpression.java" interface="false" size="463" bugs="0"/>
      <ClassStats class="com.presidentio.testdatagenerator.benchmark.generated.CounterBenchmark_jmh" sourceFile="CounterBenchmark_jmh.java" interface="false" size="3" bugs="0"/>
      <ClassStats class="com.presidentio.testdatagenerator.benchmark.generated.CounterBenchmark_jmh_B1" sourceFile="CounterBenchmark_jmh_B1.java" interface="false" size="259" bugs="0"/>
      <ClassStats class="com.presidentio.testdatagenerator.benchmark.generated.CounterBenchmark_jmh_B2" sourceFile="CounterBenchmark_jmh_B2.java" interface="false" size="25" bugs="6" priority_2="6"/>
      <ClassStats class="com.presidentio.testdatagenerator.benchmark.generated.CounterBenchmark_jmh_B3" sourceFile="CounterBenchmark_jmh_B3.java" interface="false" size="259" bugs="0"/>
      <ClassStats class="com.presidentio.testdatagenerator.benchmark.generated.CounterBenchmark_measureExpression" sourceFile="CounterBenchmark_measureExpression.java" interface="false" size="463" bugs="0"/>
      <ClassStats class="com.presidentio.testdatagenerator.benchmark.generated.EsFileBenchmark_jmh" sourceFile="EsFileBenchmark_jmh.java" interface="false" size="3" bugs="0"/>
      <ClassStats class="com.presidentio.testdatagenerator.benchmark.generated.EsFileBenchmark_jmh_B1" sourceFile="EsFileBenchmark_jmh_B1.java" interface="false" size="259" bugs="0"/>
      <ClassStats class="com.presidentio.testdatagenerator.benchmark.generated.EsFileBenchmark_jmh_B2" sourceFile="EsFileBenchmark_jmh_B2.java" interface="false" size="22" bugs="0"/>
      <ClassStats class="com.presidentio.testdatagenerator.benchmark.generated.EsFileBenchmark_jmh_B3" sourceFile="EsFileBenchmark_jmh_B3.java" interface="false" size="259" bugs="0"/>
      <ClassStats class="com.presidentio.testdatagenerator.benchmark.generated.EsFileBenchmark_measureEsDirect" sourceFile="EsFileBenchmark_measureEsDirect.java" interface="false" size="423" bugs="0"/>
      <ClassStats class="com.presidentio.testdatagenerator.benchmark.generated.ExpressionBenchmark_jmh" sourceFile="ExpressionBenchmark_jmh.java" interface="false" size="3" bugs="0"/>
      <ClassStats class="com.presidentio.testdatagenerator.benchmark.generated.ExpressionBenchmark_jmh_B1" sourceFile="ExpressionBenchmark_jmh_B1.java" interface="false" size="259" bugs="0"/>
      <ClassStats class="com.presidentio.testdatagenerator.benchmark.generated.ExpressionBenchmark_jmh_B2" sourceFile="ExpressionBenchmark_jmh_B2.java" interface="false" size="25" bugs="6" priority_2="6"/>
      <ClassStats class="com.presidentio.testdatagenerator.benchmark.generated.ExpressionBenchmark_jmh_B3" sourceFile="ExpressionBenchmark_jmh_B3.java" interface="false" size="259" bugs="0"/>
      <ClassStats class="com.presidentio.testdatagenerator.benchmark.generated.ExpressionBenchmark_measureExpression" sourceFile="ExpressionBenchmark_measureExpression.java" interface="false" size="463" bugs="0"/>
      <ClassStats class="com.presidentio.testdatagenerator.benchmark.generated.ExpressionProxyBenchmark_jmh" sourceFile="ExpressionProxyBenchmark_jmh.java" interface="false" size="3" bugs="0"/>
      <ClassStats class="com.presidentio.testdatagenerator.benchmark.generated.ExpressionProxyBenchmark_jmh_B1" sourceFile="ExpressionProxyBenchmark_jmh_B1.java" interface="false" size="259" bugs="0"/>
      <ClassStats class="com.presidentio.testdatagenerator.benchmark.generated.ExpressionProxyBenchmark_jmh_B2" sourceFile="ExpressionProxyBenchmark_jmh_B2.java" interface="false" size="25" bugs="6" priority_2="6"/>
      <ClassStats class="com.presidentio.testdatagenerator.benchmark.generated.ExpressionProxyBenchmark_jmh_B3" sourceFile="ExpressionProxyBenchmark_jmh_B3.java" interface="false" size="259" bugs="0"/>
      <ClassStats class="com.presidentio.testdatagenerator.benchmark.generated.ExpressionProxyBenchmark_measureCounter" sourceFile="ExpressionProxyBenchmark_measureCounter.java" interface="false" size="463" bugs="0"/>
      <ClassStats class="com.presidentio.testdatagenerator.benchmark.generated.ExpressionProxyBenchmark_measureExpression" sourceFile="ExpressionProxyBenchmark_measureExpression.java" interface="false" size="463" bugs="0"/>
      <ClassStats class="com.presidentio.testdatagenerator.benchmark.generated.ExpressionProxyBenchmark_measureParent" sourceFile="ExpressionProxyBenchmark_measureParent.java" interface="false" size="463" bugs="0"/>
      <ClassStats class="com.presidentio.testdatagenerator.benchmark.generated.ParentBenchmark_jmh" sourceFile="ParentBenchmark_jmh.java" interface="false" size="3" bugs="0"/>
      <ClassStats class="com.presidentio.testdatagenerator.benchmark.generated.ParentBenchmark_jmh_B1" sourceFile="ParentBenchmark_jmh_B1.java" interface="false" size="259" bugs="0"/>
      <ClassStats class="com.presidentio.testdatagenerator.benchmark.generated.ParentBenchmark_jmh_B2" sourceFile="ParentBenchmark_jmh_B2.java" interface="false" size="25" bugs="6" priority_2="6"/>
      <ClassStats class="com.presidentio.testdatagenerator.benchmark.generated.ParentBenchmark_jmh_B3" sourceFile="ParentBenchmark_jmh_B3.java" interface="false" size="259" bugs="0"/>
      <ClassStats class="com.presidentio.testdatagenerator.benchmark.generated.ParentBenchmark_measureExpression" sourceFile="ParentBenchmark_measureExpression.java" interface="false" size="463" bugs="0"/>
      <ClassStats class="com.presidentio.testdatagenerator.benchmark.generated.RandomBenchmark_jmh" sourceFile="RandomBenchmark_jmh.java" interface="false" size="3" bugs="0"/>
      <ClassStats class="com.presidentio.testdatagenerator.benchmark.generated.RandomBenchmark_jmh_B1" sourceFile="RandomBenchmark_jmh_B1.java" interface="false" size="259" bugs="0"/>
      <ClassStats class="com.presidentio.testdatagenerator.benchmark.generated.RandomBenchmark_jmh_B2" sourceFile="RandomBenchmark_jmh_B2.java" interface="false" size="25" bugs="6" priority_2="6"/>
      <ClassStats class="com.presidentio.testdatagenerator.benchmark.generated.RandomBenchmark_jmh_B3" sourceFile="RandomBenchmark_jmh_B3.java" interface="false" size="259" bugs="0"/>
      <ClassStats class="com.presidentio.testdatagenerator.benchmark.generated.RandomBenchmark_measureExpression" sourceFile="RandomBenchmark_measureExpression.java" interface="false" size="463" bugs="0"/>
    </PackageStats>
    <PackageStats package="com.presidentio.testdatagenerator.cons" total_bugs="0" total_types="10" total_size="95">
      <ClassStats class="com.presidentio.testdatagenerator.cons.DelimiterConst" sourceFile="DelimiterConst.java" interface="false" size="7" bugs="0"/>
      <ClassStats class="com.presidentio.testdatagenerator.cons.FileFormatConst" sourceFile="FileFormatConst.java" interface="false" size="11" bugs="0"/>
      <ClassStats class="com.presidentio.testdatagenerator.cons.GenderConst" sourceFile="GenderConst.java" interface="false" size="6" bugs="0"/>
      <ClassStats class="com.presidentio.testdatagenerator.cons.NameTypeConst" sourceFile="NameTypeConst.java" interface="false" size="6" bugs="0"/>
      <ClassStats class="com.presidentio.testdatagenerator.cons.PathProviderConst" sourceFile="PathProviderConst.java" interface="false" size="5" bugs="0"/>
      <ClassStats class="com.presidentio.testdatagenerator.cons.PropConst" sourceFile="PropConst.java" interface="false" size="28" bugs="0"/>
      <ClassStats class="com.presidentio.testdatagenerator.cons.SinkTypeConst" sourceFile="SinkTypeConst.java" interface="false" size="8" bugs="0"/>
      <ClassStats class="com.presidentio.testdatagenerator.cons.StringPlaceholderConst" sourceFile="StringPlaceholderConst.java" interface="false" size="4" bugs="0"/>
      <ClassStats class="com.presidentio.testdatagenerator.cons.TypeConst" sourceFile="TypeConst.java" interface="false" size="7" bugs="0"/>
      <ClassStats class="com.presidentio.testdatagenerator.cons.ValueProviderNameConst" sourceFile="ValueProviderNameConst.java" interface="false" size="13" bugs="0"/>
    </PackageStats>
    <PackageStats package="com.presidentio.testdatagenerator.context" total_bugs="0" total_types="2" total_size="40">
      <ClassStats class="com.presidentio.testdatagenerator.context.Context" sourceFile="Context.java" interface="false" size="26" bugs="0"/>
      <ClassStats class="com.presidentio.testdatagenerator.context.Parent" sourceFile="Parent.java" interface="false" size="14" bugs="0"/>
    </PackageStats>
    <PackageStats package="com.presidentio.testdatagenerator.model" total_bugs="0" total_types="6" total_size="183">
      <ClassStats class="com.presidentio.testdatagenerator.model.Field" sourceFile="Field.java" interface="false" size="28" bugs="0"/>
      <ClassStats class="com.presidentio.testdatagenerator.model.Output" sourceFile="Output.java" interface="false" size="15" bugs="0"/>
      <ClassStats class="com.presidentio.testdatagenerator.model.Provider" sourceFile="Provider.java" interface="false" size="21" bugs="0"/>
      <ClassStats class="com.presidentio.testdatagenerator.model.Schema" sourceFile="Schema.java" interface="false" size="30" bugs="0"/>
      <ClassStats class="com.presidentio.testdatagenerator.model.Template" sourceFile="Template.java" interface="false" size="68" bugs="0"/>
      <ClassStats class="com.presidentio.testdatagenerator.model.Variable" sourceFile="Variable.java" interface="false" size="21" bugs="0"/>
    </PackageStats>
    <PackageStats package="com.presidentio.testdatagenerator.output" total_bugs="0" total_types="10" total_size="249">
      <ClassStats class="com.presidentio.testdatagenerator.output.AbstractBufferedSink" sourceFile="AbstractBufferedSink.java" interface="false" size="60" bugs="0"/>
      <ClassStats class="com.presidentio.testdatagenerator.output.AbstractEsSink" sourceFile="AbstractEsSink.java" interface="false" size="28" bugs="0"/>
      <ClassStats class="com.presidentio.testdatagenerator.output.AbstractJdbcSink" sourceFile="AbstractJdbcSink.java" interface="false" size="36" bugs="0"/>
      <ClassStats class="com.presidentio.testdatagenerator.output.ConsoleSink" sourceFile="ConsoleSink.java" interface="false" size="12" bugs="0"/>
      <ClassStats class="com.presidentio.testdatagenerator.output.EsDirectSink" sourceFile="EsDirectSink.java" interface="false" size="9" bugs="0"/>
      <ClassStats class="com.presidentio.testdatagenerator.output.FileSink" sourceFile="FileSink.java" interface="false" size="49" bugs="0"/>
      <ClassStats class="com.presidentio.testdatagenerator.output.KafkaSink" sourceFile="KafkaSink.java" interface="false" size="24" bugs="0"/>
      <ClassStats class="com.presidentio.testdatagenerator.output.Sink" sourceFile="Sink.java" interface="true" size="4" bugs="0"/>
      <ClassStats class="com.presidentio.testdatagenerator.output.SinkFactory" sourceFile="SinkFactory.java" interface="false" size="18" bugs="0"/>
      <ClassStats class="com.presidentio.testdatagenerator.output.SqlDirectSink" sourceFile="SqlDirectSink.java" interface="false" size="9" bugs="0"/>
    </PackageStats>
    <PackageStats package="com.presidentio.testdatagenerator.output.formatter" total_bugs="0" total_types="6" total_size="178">
      <ClassStats class="com.presidentio.testdatagenerator.output.formatter.DefaultFormatterFactory" sourceFile="DefaultFormatterFactory.java" interface="false" size="20" bugs="0"/>
      <ClassStats class="com.presidentio.testdatagenerator.output.formatter.EsFormatter" sourceFile="EsFormatter.java" interface="false" size="29" bugs="0"/>
      <ClassStats class="com.presidentio.testdatagenerator.output.formatter.Formatter" sourceFile="Formatter.java" interface="true" size="5" bugs="0"/>
      <ClassStats class="com.presidentio.testdatagenerator.output.formatter.FormatterFactory" sourceFile="FormatterFactory.java" interface="true" size="2" bugs="0"/>
      <ClassStats class="com.presidentio.testdatagenerator.output.formatter.SqlFormatter" sourceFile="SqlFormatter.java" interface="false" size="72" bugs="0"/>
      <ClassStats class="com.presidentio.testdatagenerator.output.formatter.SvFormatter" sourceFile="SvFormatter.java" interface="false" size="50" bugs="0"/>
    </PackageStats>
    <PackageStats package="com.presidentio.testdatagenerator.output.path" total_bugs="0" total_types="5" total_size="51">
      <ClassStats class="com.presidentio.testdatagenerator.output.path.ConstPathProvider" sourceFile="ConstPathProvider.java" interface="false" size="11" bugs="0"/>
      <ClassStats class="com.presidentio.testdatagenerator.output.path.ConstPathProviderTest" sourceFile="ConstPathProviderTest.java" interface="false" size="12" bugs="0"/>
      <ClassStats class="com.presidentio.testdatagenerator.output.path.PathProvider" sourceFile="PathProvider.java" interface="true" size="3" bugs="0"/>
      <ClassStats class="com.presidentio.testdatagenerator.output.path.TimeBasedPathProvider" sourceFile="TimeBasedPathProvider.java" interface="false" size="17" bugs="0"/>
      <ClassStats class="com.presidentio.testdatagenerator.output.path.TimeBasedPathProviderTest" sourceFile="TimeBasedPathProviderTest.java" interface="false" size="8" bugs="0"/>
    </PackageStats>
    <PackageStats package="com.presidentio.testdatagenerator.parser" total_bugs="0" total_types="5" total_size="105">
      <ClassStats class="com.presidentio.testdatagenerator.parser.JsonSchemaSerializer" sourceFile="JsonSchemaSerializer.java" interface="false" size="19" bugs="0"/>
      <ClassStats class="com.presidentio.testdatagenerator.parser.SchemaBuilder" sourceFile="SchemaBuilder.java" interface="false" size="46" bugs="0"/>
      <ClassStats class="com.presidentio.testdatagenerator.parser.SchemaSerializer" sourceFile="SchemaSerializer.java" interface="true" size="5" bugs="0"/>
      <ClassStats class="com.presidentio.testdatagenerator.parser.StringDeserializer" sourceFile="StringDeserializer.java" interface="false" size="26" bugs="0"/>
      <ClassStats class="com.presidentio.testdatagenerator.parser.StringDeserializerTest" sourceFile="StringDeserializerTest.java" interface="false" size="9" bugs="0"/>
    </PackageStats>
    <PackageStats package="com.presidentio.testdatagenerator.provider" total_bugs="0" total_types="25" total_size="642">
      <ClassStats class="com.presidentio.testdatagenerator.provider.CompositeValueProviderFactory" sourceFile="CompositeValueProviderFactory.java" interface="false" size="15" bugs="0"/>
      <ClassStats class="com.presidentio.testdatagenerator.provider.ConstValueProvider" sourceFile="ConstValueProvider.java" interface="false" size="20" bugs="0"/>
      <ClassStats class="com.presidentio.testdatagenerator.provider.ConstValueProviderTest" sourceFile="ConstValueProviderTest.java" interface="false" size="21" bugs="0"/>
      <ClassStats class="com.presidentio.testdatagenerator.provider.CounterProvider" sourceFile="CounterProvider.java" interface="false" size="33" bugs="0"/>
      <ClassStats class="com.presidentio.testdatagenerator.provider.CountryProvider" sourceFile="CountryProvider.java" interface="false" size="19" bugs="0"/>
      <ClassStats class="com.presidentio.testdatagenerator.provider.CountryValueProviderTest" sourceFile="CountryValueProviderTest.java" interface="false" size="8" bugs="0"/>
      <ClassStats class="com.presidentio.testdatagenerator.provider.DefaultValueProviderFactory" sourceFile="DefaultValueProviderFactory.java" interface="false" size="33" bugs="0"/>
      <ClassStats class="com.presidentio.testdatagenerator.provider.EmailProvider" sourceFile="EmailProvider.java" interface="false" size="21" bugs="0"/>
      <ClassStats class="com.presidentio.testdatagenerator.provider.EmailProviderTest" sourceFile="EmailProviderTest.java" interface="false" size="20" bugs="0"/>
      <ClassStats class="com.presidentio.testdatagenerator.provider.ExpressionProvider" sourceFile="ExpressionProvider.java" interface="false" size="28" bugs="0"/>
      <ClassStats class="com.presidentio.testdatagenerator.provider.ExpressionProviderTest" sourceFile="ExpressionProviderTest.java" interface="false" size="61" bugs="0"/>
      <ClassStats class="com.presidentio.testdatagenerator.provider.ExpressionProxyProvider" sourceFile="ExpressionProxyProvider.java" interface="false" size="41" bugs="0"/>
      <ClassStats class="com.presidentio.testdatagenerator.provider.ExpressionProxyProviderTest" sourceFile="ExpressionProxyProviderTest.java" interface="false" size="88" bugs="0"/>
      <ClassStats class="com.presidentio.testdatagenerator.provider.ParentProvider" sourceFile="ParentProvider.java" interface="false" size="18" bugs="0"/>
      <ClassStats class="com.presidentio.testdatagenerator.provider.PeopleNameProvider" sourceFile="PeopleNameProvider.java" interface="false" size="99" bugs="0"/>
      <ClassStats class="com.presidentio.testdatagenerator.provider.PeopleNameValueProviderTest" sourceFile="PeopleNameValueProviderTest.java" interface="false" size="8" bugs="0"/>
      <ClassStats class="com.presidentio.testdatagenerator.provider.RandomProvider" sourceFile="RandomProvider.java" interface="false" size="26" bugs="0"/>
      <ClassStats class="com.presidentio.testdatagenerator.provider.RandomProviderTest" sourceFile="RandomProviderTest.java" interface="false" size="11" bugs="0"/>
      <ClassStats class="com.presidentio.testdatagenerator.provider.SelectProvider" sourceFile="SelectProvider.java" interface="false" size="24" bugs="0"/>
      <ClassStats class="com.presidentio.testdatagenerator.provider.SelectProviderTest" sourceFile="SelectProviderTest.java" interface="false" size="15" bugs="0"/>
      <ClassStats class="com.presidentio.testdatagenerator.provider.TimeProvider" sourceFile="TimeProvider.java" interface="false" size="7" bugs="0"/>
      <ClassStats class="com.presidentio.testdatagenerator.provider.TimeProviderTest" sourceFile="TimeProviderTest.java" interface="false" size="11" bugs="0"/>
      <ClassStats class="com.presidentio.testdatagenerator.provider.TypeConverter" sourceFile="TypeConverter.java" interface="false" size="10" bugs="0"/>
      <ClassStats class="com.presidentio.testdatagenerator.provider.ValueProvider" sourceFile="ValueProvider.java" interface="true" size="3" bugs="0"/>
      <ClassStats class="com.presidentio.testdatagenerator.provider.ValueProviderFactory" sourceFile="ValueProviderFactory.java" interface="true" size="2" bugs="0"/>
    </PackageStats>
    <PackageStats package="com.presidentio.testdatagenerator.stream" total_bugs="0" total_types="1" total_size="41">
      <ClassStats class="com.presidentio.testdatagenerator.stream.StreamGenerator" sourceFile="StreamGenerator.java" interface="false" size="41" bugs="0"/>
    </PackageStats>
    <PackageStats package="com.presidentio.testdatagenerator.stream.intensivity" total_bugs="0" total_types="3" total_size="52">
      <ClassStats class="com.presidentio.testdatagenerator.stream.intensivity.FixedIntervalIntensityManager" sourceFile="FixedIntervalIntensityManager.java" interface="false" size="10" bugs="0"/>
      <ClassStats class="com.presidentio.testdatagenerator.stream.intensivity.IntensityManager" sourceFile="IntensityManager.java" interface="true" size="2" bugs="0"/>
      <ClassStats class="com.presidentio.testdatagenerator.stream.intensivity.WeekHourlyIntensityManager" sourceFile="WeekHourlyIntensityManager.java" interface="false" size="40" bugs="0"/>
    </PackageStats>
    <PackageStats package="com.presidentio.testdatagenerator.stream.stop" total_bugs="0" total_types="3" total_size="15">
      <ClassStats class="com.presidentio.testdatagenerator.stream.stop.InfiniteStopManager" sourceFile="InfiniteStopManager.java" interface="false" size="5" bugs="0"/>
      <ClassStats class="com.presidentio.testdatagenerator.stream.stop.LimitedTickStopManager" sourceFile="LimitedTickStopManager.java" interface="false" size="8" bugs="0"/>
      <ClassStats class="com.presidentio.testdatagenerator.stream.stop.StopManager" sourceFile="StopManager.java" interface="true" size="2" bugs="0"/>
    </PackageStats>
    <PackageStats package="org.openjdk.jmh.infra.generated" total_bugs="0" total_types="4" total_size="543">
      <ClassStats class="org.openjdk.jmh.infra.generated.Blackhole_jmh" sourceFile="Blackhole_jmh.java" interface="false" size="3" bugs="0"/>
      <ClassStats class="org.openjdk.jmh.infra.generated.Blackhole_jmh_B1" sourceFile="Blackhole_jmh_B1.java" interface="false" size="259" bugs="0"/>
      <ClassStats class="org.openjdk.jmh.infra.generated.Blackhole_jmh_B2" sourceFile="Blackhole_jmh_B2.java" interface="false" size="22" bugs="0"/>
      <ClassStats class="org.openjdk.jmh.infra.generated.Blackhole_jmh_B3" sourceFile="Blackhole_jmh_B3.java" interface="false" size="259" bugs="0"/>
    </PackageStats>
    <FindBugsProfile>
      <ClassProfile name="edu.umd.cs.findbugs.classfile.engine.ClassInfoAnalysisEngine" totalMilliseconds="299" invocations="1024" avgMicrosecondsPerInvocation="292" maxMicrosecondsPerInvocation="14664" standardDeviationMicrosecondsPerInvocation="905"/>
      <ClassProfile name="edu.umd.cs.findbugs.classfile.engine.bcel.ValueNumberDataflowFactory" totalMilliseconds="241" invocations="566" avgMicrosecondsPerInvocation="426" maxMicrosecondsPerInvocation="25532" standardDeviationMicrosecondsPerInvocation="1362"/>
      <ClassProfile name="edu.umd.cs.findbugs.classfile.engine.bcel.TypeDataflowFactory" totalMilliseconds="231" invocations="561" avgMicrosecondsPerInvocation="413" maxMicrosecondsPerInvocation="10089" standardDeviationMicrosecondsPerInvocation="867"/>
      <ClassProfile name="edu.umd.cs.findbugs.classfile.engine.bcel.UnconditionalValueDerefDataflowFactory" totalMilliseconds="206" invocations="516" avgMicrosecondsPerInvocation="400" maxMicrosecondsPerInvocation="22404" standardDeviationMicrosecondsPerInvocation="1220"/>
      <ClassProfile name="edu.umd.cs.findbugs.classfile.engine.bcel.IsNullValueDataflowFactory" totalMilliseconds="194" invocations="516" avgMicrosecondsPerInvocation="376" maxMicrosecondsPerInvocation="7716" standardDeviationMicrosecondsPerInvocation="786"/>
      <ClassProfile name="edu.umd.cs.findbugs.ba.npe.NullDerefAndRedundantComparisonFinder" totalMilliseconds="178" invocations="514" avgMicrosecondsPerInvocation="347" maxMicrosecondsPerInvocation="3927" standardDeviationMicrosecondsPerInvocation="534"/>
      <ClassProfile name="edu.umd.cs.findbugs.classfile.engine.ClassDataAnalysisEngine" totalMilliseconds="163" invocations="1027" avgMicrosecondsPerInvocation="158" maxMicrosecondsPerInvocation="2631" standardDeviationMicrosecondsPerInvocation="138"/>
      <ClassProfile name="edu.umd.cs.findbugs.detect.FieldItemSummary" totalMilliseconds="147" invocations="266" avgMicrosecondsPerInvocation="556" maxMicrosecondsPerInvocation="9661" standardDeviationMicrosecondsPerInvocation="1173"/>
      <ClassProfile name="edu.umd.cs.findbugs.OpcodeStack$JumpInfoFactory" totalMilliseconds="143" invocations="1014" avgMicrosecondsPerInvocation="141" maxMicrosecondsPerInvocation="3988" standardDeviationMicrosecondsPerInvocation="238"/>
      <ClassProfile name="edu.umd.cs.findbugs.classfile.engine.bcel.CFGFactory" totalMilliseconds="136" invocations="516" avgMicrosecondsPerInvocation="264" maxMicrosecondsPerInvocation="10760" standardDeviationMicrosecondsPerInvocation="660"/>
      <ClassProfile name="edu.umd.cs.findbugs.detect.FindNoSideEffectMethods" totalMilliseconds="125" invocations="266" avgMicrosecondsPerInvocation="473" maxMicrosecondsPerInvocation="10044" standardDeviationMicrosecondsPerInvocation="1027"/>
      <ClassProfile name="edu.umd.cs.findbugs.detect.FindRefComparison$SpecialTypeAnalysis" totalMilliseconds="116" invocations="432" avgMicrosecondsPerInvocation="269" maxMicrosecondsPerInvocation="3270" standardDeviationMicrosecondsPerInvocation="465"/>
      <ClassProfile name="de.heidelberg.pvs.diego.detectors.StateFinalFieldDetector" totalMilliseconds="104" invocations="145" avgMicrosecondsPerInvocation="720" maxMicrosecondsPerInvocation="31429" standardDeviationMicrosecondsPerInvocation="4096"/>
      <ClassProfile name="edu.umd.cs.findbugs.detect.UnreadFields" totalMilliseconds="83" invocations="145" avgMicrosecondsPerInvocation="576" maxMicrosecondsPerInvocation="10705" standardDeviationMicrosecondsPerInvocation="1275"/>
      <ClassProfile name="edu.umd.cs.findbugs.classfile.engine.bcel.MethodGenFactory" totalMilliseconds="66" invocations="541" avgMicrosecondsPerInvocation="123" maxMicrosecondsPerInvocation="25287" standardDeviationMicrosecondsPerInvocation="1095"/>
      <ClassProfile name="edu.umd.cs.findbugs.classfile.engine.bcel.ConstantDataflowFactory" totalMilliseconds="56" invocations="516" avgMicrosecondsPerInvocation="109" maxMicrosecondsPerInvocation="2316" standardDeviationMicrosecondsPerInvocation="229"/>
      <ClassProfile name="edu.umd.cs.findbugs.detect.NoteDirectlyRelevantTypeQualifiers" totalMilliseconds="55" invocations="266" avgMicrosecondsPerInvocation="207" maxMicrosecondsPerInvocation="3033" standardDeviationMicrosecondsPerInvocation="405"/>
      <ClassProfile name="edu.umd.cs.findbugs.classfile.engine.bcel.JavaClassAnalysisEngine" totalMilliseconds="54" invocations="357" avgMicrosecondsPerInvocation="152" maxMicrosecondsPerInvocation="11886" standardDeviationMicrosecondsPerInvocation="672"/>
      <ClassProfile name="edu.umd.cs.findbugs.detect.CalledMethods" totalMilliseconds="49" invocations="266" avgMicrosecondsPerInvocation="185" maxMicrosecondsPerInvocation="3124" standardDeviationMicrosecondsPerInvocation="383"/>
      <ClassProfile name="edu.umd.cs.findbugs.util.TopologicalSort" totalMilliseconds="47" invocations="907" avgMicrosecondsPerInvocation="52" maxMicrosecondsPerInvocation="1005" standardDeviationMicrosecondsPerInvocation="97"/>
      <ClassProfile name="edu.umd.cs.findbugs.detect.LoadOfKnownNullValue" totalMilliseconds="43" invocations="145" avgMicrosecondsPerInvocation="301" maxMicrosecondsPerInvocation="5094" standardDeviationMicrosecondsPerInvocation="781"/>
      <ClassProfile name="edu.umd.cs.findbugs.detect.DumbMethods" totalMilliseconds="42" invocations="145" avgMicrosecondsPerInvocation="291" maxMicrosecondsPerInvocation="6217" standardDeviationMicrosecondsPerInvocation="642"/>
      <ClassProfile name="edu.umd.cs.findbugs.classfile.engine.bcel.LiveLocalStoreDataflowFactory" totalMilliseconds="41" invocations="514" avgMicrosecondsPerInvocation="79" maxMicrosecondsPerInvocation="1905" standardDeviationMicrosecondsPerInvocation="198"/>
      <ClassProfile name="edu.umd.cs.findbugs.detect.FindDeadLocalStores" totalMilliseconds="39" invocations="145" avgMicrosecondsPerInvocation="274" maxMicrosecondsPerInvocation="6395" standardDeviationMicrosecondsPerInvocation="844"/>
      <ClassProfile name="edu.umd.cs.findbugs.detect.EqualsOperandShouldHaveClassCompatibleWithThis" totalMilliseconds="37" invocations="266" avgMicrosecondsPerInvocation="142" maxMicrosecondsPerInvocation="18820" standardDeviationMicrosecondsPerInvocation="1157"/>
      <ClassProfile name="edu.umd.cs.findbugs.detect.OverridingEqualsNotSymmetrical" totalMilliseconds="37" invocations="266" avgMicrosecondsPerInvocation="139" maxMicrosecondsPerInvocation="10040" standardDeviationMicrosecondsPerInvocation="642"/>
      <ClassProfile name="edu.umd.cs.findbugs.detect.BuildObligationPolicyDatabase" totalMilliseconds="37" invocations="266" avgMicrosecondsPerInvocation="139" maxMicrosecondsPerInvocation="2826" standardDeviationMicrosecondsPerInvocation="296"/>
      <ClassProfile name="edu.umd.cs.findbugs.detect.FunctionsThatMightBeMistakenForProcedures" totalMilliseconds="35" invocations="266" avgMicrosecondsPerInvocation="133" maxMicrosecondsPerInvocation="3051" standardDeviationMicrosecondsPerInvocation="344"/>
      <ClassProfile name="edu.umd.cs.findbugs.detect.FindOpenStream" totalMilliseconds="33" invocations="145" avgMicrosecondsPerInvocation="228" maxMicrosecondsPerInvocation="6755" standardDeviationMicrosecondsPerInvocation="875"/>
      <ClassProfile name="edu.umd.cs.findbugs.detect.BuildStringPassthruGraph" totalMilliseconds="32" invocations="266" avgMicrosecondsPerInvocation="122" maxMicrosecondsPerInvocation="7666" standardDeviationMicrosecondsPerInvocation="521"/>
      <ClassProfile name="edu.umd.cs.findbugs.detect.CheckRelaxingNullnessAnnotation" totalMilliseconds="32" invocations="145" avgMicrosecondsPerInvocation="221" maxMicrosecondsPerInvocation="6016" standardDeviationMicrosecondsPerInvocation="571"/>
      <ClassProfile name="edu.umd.cs.findbugs.detect.FindInconsistentSync2" totalMilliseconds="32" invocations="145" avgMicrosecondsPerInvocation="221" maxMicrosecondsPerInvocation="3404" standardDeviationMicrosecondsPerInvocation="408"/>
      <ClassProfile name="edu.umd.cs.findbugs.classfile.engine.bcel.ValueRangeAnalysisFactory" totalMilliseconds="31" invocations="541" avgMicrosecondsPerInvocation="57" maxMicrosecondsPerInvocation="3718" standardDeviationMicrosecondsPerInvocation="212"/>
      <ClassProfile name="edu.umd.cs.findbugs.detect.LazyInit" totalMilliseconds="30" invocations="145" avgMicrosecondsPerInvocation="207" maxMicrosecondsPerInvocation="7016" standardDeviationMicrosecondsPerInvocation="928"/>
      <ClassProfile name="edu.umd.cs.findbugs.detect.FindUselessObjects" totalMilliseconds="28" invocations="145" avgMicrosecondsPerInvocation="197" maxMicrosecondsPerInvocation="4802" standardDeviationMicrosecondsPerInvocation="505"/>
      <ClassProfile name="edu.umd.cs.findbugs.detect.FindUnsatisfiedObligation" totalMilliseconds="28" invocations="145" avgMicrosecondsPerInvocation="197" maxMicrosecondsPerInvocation="6248" standardDeviationMicrosecondsPerInvocation="648"/>
      <ClassProfile name="edu.umd.cs.findbugs.ba.npe.TypeQualifierNullnessAnnotationDatabase" totalMilliseconds="26" invocations="9270" avgMicrosecondsPerInvocation="2" maxMicrosecondsPerInvocation="1774" standardDeviationMicrosecondsPerInvocation="25"/>
      <ClassProfile name="edu.umd.cs.findbugs.detect.RuntimeExceptionCapture" totalMilliseconds="26" invocations="145" avgMicrosecondsPerInvocation="180" maxMicrosecondsPerInvocation="2448" standardDeviationMicrosecondsPerInvocation="392"/>
      <ClassProfile name="edu.umd.cs.findbugs.detect.FindNullDeref$CheckCallSitesAndReturnInstructions" totalMilliseconds="26" invocations="514" avgMicrosecondsPerInvocation="50" maxMicrosecondsPerInvocation="1040" standardDeviationMicrosecondsPerInvocation="84"/>
      <ClassProfile name="edu.umd.cs.findbugs.DetectorToDetector2Adapter" totalMilliseconds="25" invocations="18633" avgMicrosecondsPerInvocation="1" maxMicrosecondsPerInvocation="654" standardDeviationMicrosecondsPerInvocation="5"/>
      <ClassProfile name="edu.umd.cs.findbugs.detect.ReflectiveClasses" totalMilliseconds="25" invocations="266" avgMicrosecondsPerInvocation="95" maxMicrosecondsPerInvocation="1428" standardDeviationMicrosecondsPerInvocation="183"/>
      <ClassProfile name="edu.umd.cs.findbugs.detect.FindRefComparison" totalMilliseconds="24" invocations="145" avgMicrosecondsPerInvocation="169" maxMicrosecondsPerInvocation="1772" standardDeviationMicrosecondsPerInvocation="286"/>
    </FindBugsProfile>
  </FindBugsSummary>
  <ClassFeatures></ClassFeatures>
  <History></History>
</BugCollection>
